"C:/Users/Yosef/OneDrive/Documents/GitHub/EduClicker/Content/Items/Sprites/Mario_Woah.uasset" 0
"C:/Users/Yosef/OneDrive/Documents/GitHub/EduClicker/Content/Items/Sprites/Mario_Woah.uexp" 1
"../../../Engine/Plugins/2D/Paper2D/Content/PlaceholderTextures/DummySpriteTexture.uasset" 2
"../../../Engine/Plugins/2D/Paper2D/Content/PlaceholderTextures/DummySpriteTexture.uexp" 3
"../../../Engine/Plugins/2D/Paper2D/Content/PlaceholderTextures/DummySpriteTexture.ubulk" 4
"../../../Engine/Plugins/2D/Paper2D/Content/DefaultSpriteMaterial.uasset" 5
"../../../Engine/Plugins/2D/Paper2D/Content/DefaultSpriteMaterial.uexp" 6
"../../../Engine/Plugins/2D/Paper2D/Content/TranslucentUnlitSpriteMaterial.uasset" 7
"../../../Engine/Plugins/2D/Paper2D/Content/TranslucentUnlitSpriteMaterial.uexp" 8
"C:/Users/Yosef/OneDrive/Documents/GitHub/EduClicker/Content/Items/Sprites/Mario_Woah_Sprite.uasset" 9
"C:/Users/Yosef/OneDrive/Documents/GitHub/EduClicker/Content/Items/Sprites/Mario_Woah_Sprite.uexp" 10
"C:/Users/Yosef/OneDrive/Documents/GitHub/EduClicker/Content/Settings/Player_BP.uasset" 11
"C:/Users/Yosef/OneDrive/Documents/GitHub/EduClicker/Content/Settings/Player_BP.uexp" 12
"C:/Users/Yosef/OneDrive/Documents/GitHub/EduClicker/Content/Settings/NewPlayerController.uasset" 13
"C:/Users/Yosef/OneDrive/Documents/GitHub/EduClicker/Content/Settings/NewPlayerController.uexp" 14
"C:/Users/Yosef/OneDrive/Documents/GitHub/EduClicker/Content/Settings/NewGameMode.uasset" 15
"C:/Users/Yosef/OneDrive/Documents/GitHub/EduClicker/Content/Settings/NewGameMode.uexp" 16
"C:/Users/Yosef/OneDrive/Documents/GitHub/EduClicker/Content/Textures/T_Brick_Clay_Beveled_D.uasset" 17
"C:/Users/Yosef/OneDrive/Documents/GitHub/EduClicker/Content/Textures/T_Brick_Clay_Beveled_D.uexp" 18
"C:/Users/Yosef/OneDrive/Documents/GitHub/EduClicker/Content/Textures/T_Brick_Clay_Beveled_D.ubulk" 19
"C:/Users/Yosef/OneDrive/Documents/GitHub/EduClicker/Content/Textures/T_Brick_Clay_Beveled_M.uasset" 20
"C:/Users/Yosef/OneDrive/Documents/GitHub/EduClicker/Content/Textures/T_Brick_Clay_Beveled_M.uexp" 21
"C:/Users/Yosef/OneDrive/Documents/GitHub/EduClicker/Content/Textures/T_Brick_Clay_Beveled_M.ubulk" 22
"C:/Users/Yosef/OneDrive/Documents/GitHub/EduClicker/Content/Textures/T_Brick_Clay_Beveled_N.uasset" 23
"C:/Users/Yosef/OneDrive/Documents/GitHub/EduClicker/Content/Textures/T_Brick_Clay_Beveled_N.uexp" 24
"C:/Users/Yosef/OneDrive/Documents/GitHub/EduClicker/Content/Textures/T_Brick_Clay_Beveled_N.ubulk" 25
"C:/Users/Yosef/OneDrive/Documents/GitHub/EduClicker/Content/Textures/T_Brick_Clay_New_D.uasset" 26
"C:/Users/Yosef/OneDrive/Documents/GitHub/EduClicker/Content/Textures/T_Brick_Clay_New_D.uexp" 27
"C:/Users/Yosef/OneDrive/Documents/GitHub/EduClicker/Content/Textures/T_Brick_Clay_New_D.ubulk" 28
"C:/Users/Yosef/OneDrive/Documents/GitHub/EduClicker/Content/Textures/T_Brick_Clay_New_M.uasset" 29
"C:/Users/Yosef/OneDrive/Documents/GitHub/EduClicker/Content/Textures/T_Brick_Clay_New_M.uexp" 30
"C:/Users/Yosef/OneDrive/Documents/GitHub/EduClicker/Content/Textures/T_Brick_Clay_New_N.uasset" 31
"C:/Users/Yosef/OneDrive/Documents/GitHub/EduClicker/Content/Textures/T_Brick_Clay_New_N.uexp" 32
"C:/Users/Yosef/OneDrive/Documents/GitHub/EduClicker/Content/Textures/T_Brick_Clay_Old_D.uasset" 33
"C:/Users/Yosef/OneDrive/Documents/GitHub/EduClicker/Content/Textures/T_Brick_Clay_Old_D.uexp" 34
"C:/Users/Yosef/OneDrive/Documents/GitHub/EduClicker/Content/Textures/T_Brick_Clay_Old_D.ubulk" 35
"C:/Users/Yosef/OneDrive/Documents/GitHub/EduClicker/Content/Textures/T_Brick_Clay_Old_N.uasset" 36
"C:/Users/Yosef/OneDrive/Documents/GitHub/EduClicker/Content/Textures/T_Brick_Clay_Old_N.uexp" 37
"C:/Users/Yosef/OneDrive/Documents/GitHub/EduClicker/Content/Textures/T_Brick_Clay_Old_N.ubulk" 38
"C:/Users/Yosef/OneDrive/Documents/GitHub/EduClicker/Content/Textures/T_Brick_Cut_Stone_D.uasset" 39
"C:/Users/Yosef/OneDrive/Documents/GitHub/EduClicker/Content/Textures/T_Brick_Cut_Stone_D.uexp" 40
"C:/Users/Yosef/OneDrive/Documents/GitHub/EduClicker/Content/Textures/T_Brick_Cut_Stone_D.ubulk" 41
"C:/Users/Yosef/OneDrive/Documents/GitHub/EduClicker/Content/Textures/T_Brick_Cut_Stone_N.uasset" 42
"C:/Users/Yosef/OneDrive/Documents/GitHub/EduClicker/Content/Textures/T_Brick_Cut_Stone_N.uexp" 43
"C:/Users/Yosef/OneDrive/Documents/GitHub/EduClicker/Content/Textures/T_Brick_Cut_Stone_N.ubulk" 44
"C:/Users/Yosef/OneDrive/Documents/GitHub/EduClicker/Content/Textures/T_Brick_Hewn_Stone_D.uasset" 45
"C:/Users/Yosef/OneDrive/Documents/GitHub/EduClicker/Content/Textures/T_Brick_Hewn_Stone_D.uexp" 46
"C:/Users/Yosef/OneDrive/Documents/GitHub/EduClicker/Content/Textures/T_Brick_Hewn_Stone_D.ubulk" 47
"C:/Users/Yosef/OneDrive/Documents/GitHub/EduClicker/Content/Textures/T_Brick_Hewn_Stone_M.uasset" 48
"C:/Users/Yosef/OneDrive/Documents/GitHub/EduClicker/Content/Textures/T_Brick_Hewn_Stone_M.uexp" 49
"C:/Users/Yosef/OneDrive/Documents/GitHub/EduClicker/Content/Textures/T_Brick_Hewn_Stone_M.ubulk" 50
"C:/Users/Yosef/OneDrive/Documents/GitHub/EduClicker/Content/Textures/T_Brick_Hewn_Stone_N.uasset" 51
"C:/Users/Yosef/OneDrive/Documents/GitHub/EduClicker/Content/Textures/T_Brick_Hewn_Stone_N.uexp" 52
"C:/Users/Yosef/OneDrive/Documents/GitHub/EduClicker/Content/Textures/T_Brick_Hewn_Stone_N.ubulk" 53
"C:/Users/Yosef/OneDrive/Documents/GitHub/EduClicker/Content/Textures/T_Burst_M.uasset" 54
"C:/Users/Yosef/OneDrive/Documents/GitHub/EduClicker/Content/Textures/T_Burst_M.uexp" 55
"C:/Users/Yosef/OneDrive/Documents/GitHub/EduClicker/Content/Textures/T_Burst_M.ubulk" 56
"C:/Users/Yosef/OneDrive/Documents/GitHub/EduClicker/Content/Textures/T_Bush_D.uasset" 57
"C:/Users/Yosef/OneDrive/Documents/GitHub/EduClicker/Content/Textures/T_Bush_D.uexp" 58
"C:/Users/Yosef/OneDrive/Documents/GitHub/EduClicker/Content/Textures/T_Bush_D.ubulk" 59
"C:/Users/Yosef/OneDrive/Documents/GitHub/EduClicker/Content/Textures/T_Bush_N.uasset" 60
"C:/Users/Yosef/OneDrive/Documents/GitHub/EduClicker/Content/Textures/T_Bush_N.uexp" 61
"C:/Users/Yosef/OneDrive/Documents/GitHub/EduClicker/Content/Textures/T_Bush_N.ubulk" 62
"C:/Users/Yosef/OneDrive/Documents/GitHub/EduClicker/Content/Textures/T_Ceramic_Tile_M.uasset" 63
"C:/Users/Yosef/OneDrive/Documents/GitHub/EduClicker/Content/Textures/T_Ceramic_Tile_M.uexp" 64
"C:/Users/Yosef/OneDrive/Documents/GitHub/EduClicker/Content/Textures/T_Ceramic_Tile_M.ubulk" 65
"C:/Users/Yosef/OneDrive/Documents/GitHub/EduClicker/Content/Textures/T_Ceramic_Tile_N.uasset" 66
"C:/Users/Yosef/OneDrive/Documents/GitHub/EduClicker/Content/Textures/T_Ceramic_Tile_N.uexp" 67
"C:/Users/Yosef/OneDrive/Documents/GitHub/EduClicker/Content/Textures/T_Ceramic_Tile_N.ubulk" 68
"C:/Users/Yosef/OneDrive/Documents/GitHub/EduClicker/Content/Textures/T_Chair_M.uasset" 69
"C:/Users/Yosef/OneDrive/Documents/GitHub/EduClicker/Content/Textures/T_Chair_M.uexp" 70
"C:/Users/Yosef/OneDrive/Documents/GitHub/EduClicker/Content/Textures/T_Chair_M.ubulk" 71
"C:/Users/Yosef/OneDrive/Documents/GitHub/EduClicker/Content/Textures/T_Chair_N.uasset" 72
"C:/Users/Yosef/OneDrive/Documents/GitHub/EduClicker/Content/Textures/T_Chair_N.uexp" 73
"C:/Users/Yosef/OneDrive/Documents/GitHub/EduClicker/Content/Textures/T_Chair_N.ubulk" 74
"C:/Users/Yosef/OneDrive/Documents/GitHub/EduClicker/Content/Textures/T_Checker_Noise_M.uasset" 75
"C:/Users/Yosef/OneDrive/Documents/GitHub/EduClicker/Content/Textures/T_Checker_Noise_M.uexp" 76
"C:/Users/Yosef/OneDrive/Documents/GitHub/EduClicker/Content/Textures/T_Checker_Noise_M.ubulk" 77
"C:/Users/Yosef/OneDrive/Documents/GitHub/EduClicker/Content/Textures/T_CobbleStone_Pebble_D.uasset" 78
"C:/Users/Yosef/OneDrive/Documents/GitHub/EduClicker/Content/Textures/T_CobbleStone_Pebble_D.uexp" 79
"C:/Users/Yosef/OneDrive/Documents/GitHub/EduClicker/Content/Textures/T_CobbleStone_Pebble_D.ubulk" 80
"C:/Users/Yosef/OneDrive/Documents/GitHub/EduClicker/Content/Textures/T_CobbleStone_Pebble_M.uasset" 81
"C:/Users/Yosef/OneDrive/Documents/GitHub/EduClicker/Content/Textures/T_CobbleStone_Pebble_M.uexp" 82
"C:/Users/Yosef/OneDrive/Documents/GitHub/EduClicker/Content/Textures/T_CobbleStone_Pebble_M.ubulk" 83
"C:/Users/Yosef/OneDrive/Documents/GitHub/EduClicker/Content/Textures/T_CobbleStone_Pebble_N.uasset" 84
"C:/Users/Yosef/OneDrive/Documents/GitHub/EduClicker/Content/Textures/T_CobbleStone_Pebble_N.uexp" 85
"C:/Users/Yosef/OneDrive/Documents/GitHub/EduClicker/Content/Textures/T_CobbleStone_Pebble_N.ubulk" 86
"C:/Users/Yosef/OneDrive/Documents/GitHub/EduClicker/Content/Textures/T_CobbleStone_Rough_D.uasset" 87
"C:/Users/Yosef/OneDrive/Documents/GitHub/EduClicker/Content/Textures/T_CobbleStone_Rough_D.uexp" 88
"C:/Users/Yosef/OneDrive/Documents/GitHub/EduClicker/Content/Textures/T_CobbleStone_Rough_D.ubulk" 89
"C:/Users/Yosef/OneDrive/Documents/GitHub/EduClicker/Content/Textures/T_CobbleStone_Rough_N.uasset" 90
"C:/Users/Yosef/OneDrive/Documents/GitHub/EduClicker/Content/Textures/T_CobbleStone_Rough_N.uexp" 91
"C:/Users/Yosef/OneDrive/Documents/GitHub/EduClicker/Content/Textures/T_CobbleStone_Rough_N.ubulk" 92
"C:/Users/Yosef/OneDrive/Documents/GitHub/EduClicker/Content/Textures/T_CobbleStone_Smooth_D.uasset" 93
"C:/Users/Yosef/OneDrive/Documents/GitHub/EduClicker/Content/Textures/T_CobbleStone_Smooth_D.uexp" 94
"C:/Users/Yosef/OneDrive/Documents/GitHub/EduClicker/Content/Textures/T_CobbleStone_Smooth_D.ubulk" 95
"C:/Users/Yosef/OneDrive/Documents/GitHub/EduClicker/Content/Textures/T_CobbleStone_Smooth_M.uasset" 96
"C:/Users/Yosef/OneDrive/Documents/GitHub/EduClicker/Content/Textures/T_CobbleStone_Smooth_M.uexp" 97
"C:/Users/Yosef/OneDrive/Documents/GitHub/EduClicker/Content/Textures/T_CobbleStone_Smooth_M.ubulk" 98
"C:/Users/Yosef/OneDrive/Documents/GitHub/EduClicker/Content/Textures/T_CobbleStone_Smooth_N.uasset" 99
"C:/Users/Yosef/OneDrive/Documents/GitHub/EduClicker/Content/Textures/T_CobbleStone_Smooth_N.uexp" 100
"C:/Users/Yosef/OneDrive/Documents/GitHub/EduClicker/Content/Textures/T_CobbleStone_Smooth_N.ubulk" 101
"C:/Users/Yosef/OneDrive/Documents/GitHub/EduClicker/Content/Textures/T_Concrete_Grime_D.uasset" 102
"C:/Users/Yosef/OneDrive/Documents/GitHub/EduClicker/Content/Textures/T_Concrete_Grime_D.uexp" 103
"C:/Users/Yosef/OneDrive/Documents/GitHub/EduClicker/Content/Textures/T_Concrete_Grime_D.ubulk" 104
"C:/Users/Yosef/OneDrive/Documents/GitHub/EduClicker/Content/Textures/T_Concrete_Panels_D.uasset" 105
"C:/Users/Yosef/OneDrive/Documents/GitHub/EduClicker/Content/Textures/T_Concrete_Panels_D.uexp" 106
"C:/Users/Yosef/OneDrive/Documents/GitHub/EduClicker/Content/Textures/T_Concrete_Panels_D.ubulk" 107
"C:/Users/Yosef/OneDrive/Documents/GitHub/EduClicker/Content/Textures/T_Concrete_Panels_N.uasset" 108
"C:/Users/Yosef/OneDrive/Documents/GitHub/EduClicker/Content/Textures/T_Concrete_Panels_N.uexp" 109
"C:/Users/Yosef/OneDrive/Documents/GitHub/EduClicker/Content/Textures/T_Concrete_Panels_N.ubulk" 110
"C:/Users/Yosef/OneDrive/Documents/GitHub/EduClicker/Content/Textures/T_Concrete_Poured_D.uasset" 111
"C:/Users/Yosef/OneDrive/Documents/GitHub/EduClicker/Content/Textures/T_Concrete_Poured_D.uexp" 112
"C:/Users/Yosef/OneDrive/Documents/GitHub/EduClicker/Content/Textures/T_Concrete_Poured_D.ubulk" 113
"C:/Users/Yosef/OneDrive/Documents/GitHub/EduClicker/Content/Textures/T_Concrete_Poured_N.uasset" 114
"C:/Users/Yosef/OneDrive/Documents/GitHub/EduClicker/Content/Textures/T_Concrete_Poured_N.uexp" 115
"C:/Users/Yosef/OneDrive/Documents/GitHub/EduClicker/Content/Textures/T_Concrete_Poured_N.ubulk" 116
"C:/Users/Yosef/OneDrive/Documents/GitHub/EduClicker/Content/Textures/T_Concrete_Tiles_D.uasset" 117
"C:/Users/Yosef/OneDrive/Documents/GitHub/EduClicker/Content/Textures/T_Concrete_Tiles_D.uexp" 118
"C:/Users/Yosef/OneDrive/Documents/GitHub/EduClicker/Content/Textures/T_Concrete_Tiles_D.ubulk" 119
"C:/Users/Yosef/OneDrive/Documents/GitHub/EduClicker/Content/Textures/T_Concrete_Tiles_M.uasset" 120
"C:/Users/Yosef/OneDrive/Documents/GitHub/EduClicker/Content/Textures/T_Concrete_Tiles_M.uexp" 121
"C:/Users/Yosef/OneDrive/Documents/GitHub/EduClicker/Content/Textures/T_Concrete_Tiles_M.ubulk" 122
"C:/Users/Yosef/OneDrive/Documents/GitHub/EduClicker/Content/Textures/T_Concrete_Tiles_N.uasset" 123
"C:/Users/Yosef/OneDrive/Documents/GitHub/EduClicker/Content/Textures/T_Concrete_Tiles_N.uexp" 124
"C:/Users/Yosef/OneDrive/Documents/GitHub/EduClicker/Content/Textures/T_Concrete_Tiles_N.ubulk" 125
"C:/Users/Yosef/OneDrive/Documents/GitHub/EduClicker/Content/Textures/T_Concrete_Tiles_Variation_M.uasset" 126
"C:/Users/Yosef/OneDrive/Documents/GitHub/EduClicker/Content/Textures/T_Concrete_Tiles_Variation_M.uexp" 127
"C:/Users/Yosef/OneDrive/Documents/GitHub/EduClicker/Content/Textures/T_Concrete_Tiles_Variation_M.ubulk" 128
"C:/Users/Yosef/OneDrive/Documents/GitHub/EduClicker/Content/Textures/T_Detail_Rocky_N.uasset" 129
"C:/Users/Yosef/OneDrive/Documents/GitHub/EduClicker/Content/Textures/T_Detail_Rocky_N.uexp" 130
"C:/Users/Yosef/OneDrive/Documents/GitHub/EduClicker/Content/Textures/T_Detail_Rocky_N.ubulk" 131
"C:/Users/Yosef/OneDrive/Documents/GitHub/EduClicker/Content/Textures/T_Door_M.uasset" 132
"C:/Users/Yosef/OneDrive/Documents/GitHub/EduClicker/Content/Textures/T_Door_M.uexp" 133
"C:/Users/Yosef/OneDrive/Documents/GitHub/EduClicker/Content/Textures/T_Door_M.ubulk" 134
"C:/Users/Yosef/OneDrive/Documents/GitHub/EduClicker/Content/Textures/T_Door_N.uasset" 135
"C:/Users/Yosef/OneDrive/Documents/GitHub/EduClicker/Content/Textures/T_Door_N.uexp" 136
"C:/Users/Yosef/OneDrive/Documents/GitHub/EduClicker/Content/Textures/T_Door_N.ubulk" 137
"C:/Users/Yosef/OneDrive/Documents/GitHub/EduClicker/Content/Textures/T_Dust_Particle_D.uasset" 138
"C:/Users/Yosef/OneDrive/Documents/GitHub/EduClicker/Content/Textures/T_Dust_Particle_D.uexp" 139
"C:/Users/Yosef/OneDrive/Documents/GitHub/EduClicker/Content/Textures/T_Dust_Particle_D.ubulk" 140
"C:/Users/Yosef/OneDrive/Documents/GitHub/EduClicker/Content/Textures/T_Explosion_SubUV.uasset" 141
"C:/Users/Yosef/OneDrive/Documents/GitHub/EduClicker/Content/Textures/T_Explosion_SubUV.uexp" 142
"C:/Users/Yosef/OneDrive/Documents/GitHub/EduClicker/Content/Textures/T_Explosion_SubUV.ubulk" 143
"C:/Users/Yosef/OneDrive/Documents/GitHub/EduClicker/Content/Textures/T_Fire_SubUV.uasset" 144
"C:/Users/Yosef/OneDrive/Documents/GitHub/EduClicker/Content/Textures/T_Fire_SubUV.uexp" 145
"C:/Users/Yosef/OneDrive/Documents/GitHub/EduClicker/Content/Textures/T_Fire_SubUV.ubulk" 146
"C:/Users/Yosef/OneDrive/Documents/GitHub/EduClicker/Content/Textures/T_Fire_Tiled_D.uasset" 147
"C:/Users/Yosef/OneDrive/Documents/GitHub/EduClicker/Content/Textures/T_Fire_Tiled_D.uexp" 148
"C:/Users/Yosef/OneDrive/Documents/GitHub/EduClicker/Content/Textures/T_Fire_Tiled_D.ubulk" 149
"C:/Users/Yosef/OneDrive/Documents/GitHub/EduClicker/Content/Textures/T_Frame_M.uasset" 150
"C:/Users/Yosef/OneDrive/Documents/GitHub/EduClicker/Content/Textures/T_Frame_M.uexp" 151
"C:/Users/Yosef/OneDrive/Documents/GitHub/EduClicker/Content/Textures/T_Frame_M.ubulk" 152
"C:/Users/Yosef/OneDrive/Documents/GitHub/EduClicker/Content/Textures/T_Frame_N.uasset" 153
"C:/Users/Yosef/OneDrive/Documents/GitHub/EduClicker/Content/Textures/T_Frame_N.uexp" 154
"C:/Users/Yosef/OneDrive/Documents/GitHub/EduClicker/Content/Textures/T_Frame_N.ubulk" 155
"C:/Users/Yosef/OneDrive/Documents/GitHub/EduClicker/Content/Textures/T_Gradinet_01.uasset" 156
"C:/Users/Yosef/OneDrive/Documents/GitHub/EduClicker/Content/Textures/T_Gradinet_01.uexp" 157
"C:/Users/Yosef/OneDrive/Documents/GitHub/EduClicker/Content/Textures/T_Gradinet_01.ubulk" 158
"C:/Users/Yosef/OneDrive/Documents/GitHub/EduClicker/Content/Textures/T_Ground_Grass_D.uasset" 159
"C:/Users/Yosef/OneDrive/Documents/GitHub/EduClicker/Content/Textures/T_Ground_Grass_D.uexp" 160
"C:/Users/Yosef/OneDrive/Documents/GitHub/EduClicker/Content/Textures/T_Ground_Grass_D.ubulk" 161
"C:/Users/Yosef/OneDrive/Documents/GitHub/EduClicker/Content/Textures/T_Ground_Grass_N.uasset" 162
"C:/Users/Yosef/OneDrive/Documents/GitHub/EduClicker/Content/Textures/T_Ground_Grass_N.uexp" 163
"C:/Users/Yosef/OneDrive/Documents/GitHub/EduClicker/Content/Textures/T_Ground_Grass_N.ubulk" 164
"C:/Users/Yosef/OneDrive/Documents/GitHub/EduClicker/Content/Textures/T_Ground_Gravel_D.uasset" 165
"C:/Users/Yosef/OneDrive/Documents/GitHub/EduClicker/Content/Textures/T_Ground_Gravel_D.uexp" 166
"C:/Users/Yosef/OneDrive/Documents/GitHub/EduClicker/Content/Textures/T_Ground_Gravel_D.ubulk" 167
"C:/Users/Yosef/OneDrive/Documents/GitHub/EduClicker/Content/Textures/T_Ground_Gravel_N.uasset" 168
"C:/Users/Yosef/OneDrive/Documents/GitHub/EduClicker/Content/Textures/T_Ground_Gravel_N.uexp" 169
"C:/Users/Yosef/OneDrive/Documents/GitHub/EduClicker/Content/Textures/T_Ground_Gravel_N.ubulk" 170
"C:/Users/Yosef/OneDrive/Documents/GitHub/EduClicker/Content/Textures/T_ground_Moss_D.uasset" 171
"C:/Users/Yosef/OneDrive/Documents/GitHub/EduClicker/Content/Textures/T_ground_Moss_D.uexp" 172
"C:/Users/Yosef/OneDrive/Documents/GitHub/EduClicker/Content/Textures/T_ground_Moss_D.ubulk" 173
"C:/Users/Yosef/OneDrive/Documents/GitHub/EduClicker/Content/Textures/T_Ground_Moss_N.uasset" 174
"C:/Users/Yosef/OneDrive/Documents/GitHub/EduClicker/Content/Textures/T_Ground_Moss_N.uexp" 175
"C:/Users/Yosef/OneDrive/Documents/GitHub/EduClicker/Content/Textures/T_Ground_Moss_N.ubulk" 176
"C:/Users/Yosef/OneDrive/Documents/GitHub/EduClicker/Content/Textures/T_Lamp_M.uasset" 177
"C:/Users/Yosef/OneDrive/Documents/GitHub/EduClicker/Content/Textures/T_Lamp_M.uexp" 178
"C:/Users/Yosef/OneDrive/Documents/GitHub/EduClicker/Content/Textures/T_Lamp_M.ubulk" 179
"C:/Users/Yosef/OneDrive/Documents/GitHub/EduClicker/Content/Textures/T_Lamp_N.uasset" 180
"C:/Users/Yosef/OneDrive/Documents/GitHub/EduClicker/Content/Textures/T_Lamp_N.uexp" 181
"C:/Users/Yosef/OneDrive/Documents/GitHub/EduClicker/Content/Textures/T_Lamp_N.ubulk" 182
"C:/Users/Yosef/OneDrive/Documents/GitHub/EduClicker/Content/Textures/T_MacroVariation.uasset" 183
"C:/Users/Yosef/OneDrive/Documents/GitHub/EduClicker/Content/Textures/T_MacroVariation.uexp" 184
"C:/Users/Yosef/OneDrive/Documents/GitHub/EduClicker/Content/Textures/T_Metal_Aluminum_D.uasset" 185
"C:/Users/Yosef/OneDrive/Documents/GitHub/EduClicker/Content/Textures/T_Metal_Aluminum_D.uexp" 186
"C:/Users/Yosef/OneDrive/Documents/GitHub/EduClicker/Content/Textures/T_Metal_Aluminum_D.ubulk" 187
"C:/Users/Yosef/OneDrive/Documents/GitHub/EduClicker/Content/Textures/T_Metal_Copper_D.uasset" 188
"C:/Users/Yosef/OneDrive/Documents/GitHub/EduClicker/Content/Textures/T_Metal_Copper_D.uexp" 189
"C:/Users/Yosef/OneDrive/Documents/GitHub/EduClicker/Content/Textures/T_Metal_Copper_D.ubulk" 190
"C:/Users/Yosef/OneDrive/Documents/GitHub/EduClicker/Content/Textures/T_Metal_Gold_D.uasset" 191
"C:/Users/Yosef/OneDrive/Documents/GitHub/EduClicker/Content/Textures/T_Metal_Gold_D.uexp" 192
"C:/Users/Yosef/OneDrive/Documents/GitHub/EduClicker/Content/Textures/T_Metal_Gold_D.ubulk" 193
"C:/Users/Yosef/OneDrive/Documents/GitHub/EduClicker/Content/Textures/T_Metal_Gold_N.uasset" 194
"C:/Users/Yosef/OneDrive/Documents/GitHub/EduClicker/Content/Textures/T_Metal_Gold_N.uexp" 195
"C:/Users/Yosef/OneDrive/Documents/GitHub/EduClicker/Content/Textures/T_Metal_Gold_N.ubulk" 196
"C:/Users/Yosef/OneDrive/Documents/GitHub/EduClicker/Content/Textures/T_Metal_Rust_D.uasset" 197
"C:/Users/Yosef/OneDrive/Documents/GitHub/EduClicker/Content/Textures/T_Metal_Rust_D.uexp" 198
"C:/Users/Yosef/OneDrive/Documents/GitHub/EduClicker/Content/Textures/T_Metal_Rust_D.ubulk" 199
"C:/Users/Yosef/OneDrive/Documents/GitHub/EduClicker/Content/Textures/T_Metal_Rust_N.uasset" 200
"C:/Users/Yosef/OneDrive/Documents/GitHub/EduClicker/Content/Textures/T_Metal_Rust_N.uexp" 201
"C:/Users/Yosef/OneDrive/Documents/GitHub/EduClicker/Content/Textures/T_Metal_Rust_N.ubulk" 202
"C:/Users/Yosef/OneDrive/Documents/GitHub/EduClicker/Content/Textures/T_Metal_Steel_D.uasset" 203
"C:/Users/Yosef/OneDrive/Documents/GitHub/EduClicker/Content/Textures/T_Metal_Steel_D.uexp" 204
"C:/Users/Yosef/OneDrive/Documents/GitHub/EduClicker/Content/Textures/T_Metal_Steel_D.ubulk" 205
"C:/Users/Yosef/OneDrive/Documents/GitHub/EduClicker/Content/Textures/T_Metal_Steel_N.uasset" 206
"C:/Users/Yosef/OneDrive/Documents/GitHub/EduClicker/Content/Textures/T_Metal_Steel_N.uexp" 207
"C:/Users/Yosef/OneDrive/Documents/GitHub/EduClicker/Content/Textures/T_Metal_Steel_N.ubulk" 208
"C:/Users/Yosef/OneDrive/Documents/GitHub/EduClicker/Content/Textures/T_Perlin_Noise_M.uasset" 209
"C:/Users/Yosef/OneDrive/Documents/GitHub/EduClicker/Content/Textures/T_Perlin_Noise_M.uexp" 210
"C:/Users/Yosef/OneDrive/Documents/GitHub/EduClicker/Content/Textures/T_Perlin_Noise_M.ubulk" 211
"C:/Users/Yosef/OneDrive/Documents/GitHub/EduClicker/Content/Textures/T_RockMesh_M.uasset" 212
"C:/Users/Yosef/OneDrive/Documents/GitHub/EduClicker/Content/Textures/T_RockMesh_M.uexp" 213
"C:/Users/Yosef/OneDrive/Documents/GitHub/EduClicker/Content/Textures/T_RockMesh_M.ubulk" 214
"C:/Users/Yosef/OneDrive/Documents/GitHub/EduClicker/Content/Textures/T_RockMesh_N.uasset" 215
"C:/Users/Yosef/OneDrive/Documents/GitHub/EduClicker/Content/Textures/T_RockMesh_N.uexp" 216
"C:/Users/Yosef/OneDrive/Documents/GitHub/EduClicker/Content/Textures/T_RockMesh_N.ubulk" 217
"C:/Users/Yosef/OneDrive/Documents/GitHub/EduClicker/Content/Textures/T_Rock_Basalt_D.uasset" 218
"C:/Users/Yosef/OneDrive/Documents/GitHub/EduClicker/Content/Textures/T_Rock_Basalt_D.uexp" 219
"C:/Users/Yosef/OneDrive/Documents/GitHub/EduClicker/Content/Textures/T_Rock_Basalt_D.ubulk" 220
"C:/Users/Yosef/OneDrive/Documents/GitHub/EduClicker/Content/Textures/T_Rock_Basalt_N.uasset" 221
"C:/Users/Yosef/OneDrive/Documents/GitHub/EduClicker/Content/Textures/T_Rock_Basalt_N.uexp" 222
"C:/Users/Yosef/OneDrive/Documents/GitHub/EduClicker/Content/Textures/T_Rock_Basalt_N.ubulk" 223
"C:/Users/Yosef/OneDrive/Documents/GitHub/EduClicker/Content/Textures/T_Rock_Marble_Polished_D.uasset" 224
"C:/Users/Yosef/OneDrive/Documents/GitHub/EduClicker/Content/Textures/T_Rock_Marble_Polished_D.uexp" 225
"C:/Users/Yosef/OneDrive/Documents/GitHub/EduClicker/Content/Textures/T_Rock_Marble_Polished_D.ubulk" 226
"C:/Users/Yosef/OneDrive/Documents/GitHub/EduClicker/Content/Textures/T_Rock_Sandstone_D.uasset" 227
"C:/Users/Yosef/OneDrive/Documents/GitHub/EduClicker/Content/Textures/T_Rock_Sandstone_D.uexp" 228
"C:/Users/Yosef/OneDrive/Documents/GitHub/EduClicker/Content/Textures/T_Rock_Sandstone_D.ubulk" 229
"C:/Users/Yosef/OneDrive/Documents/GitHub/EduClicker/Content/Textures/T_Rock_Sandstone_N.uasset" 230
"C:/Users/Yosef/OneDrive/Documents/GitHub/EduClicker/Content/Textures/T_Rock_Sandstone_N.uexp" 231
"C:/Users/Yosef/OneDrive/Documents/GitHub/EduClicker/Content/Textures/T_Rock_Sandstone_N.ubulk" 232
"C:/Users/Yosef/OneDrive/Documents/GitHub/EduClicker/Content/Textures/T_Rock_Slate_D.uasset" 233
"C:/Users/Yosef/OneDrive/Documents/GitHub/EduClicker/Content/Textures/T_Rock_Slate_D.uexp" 234
"C:/Users/Yosef/OneDrive/Documents/GitHub/EduClicker/Content/Textures/T_Rock_Slate_D.ubulk" 235
"C:/Users/Yosef/OneDrive/Documents/GitHub/EduClicker/Content/Textures/T_Rock_Slate_N.uasset" 236
"C:/Users/Yosef/OneDrive/Documents/GitHub/EduClicker/Content/Textures/T_Rock_Slate_N.uexp" 237
"C:/Users/Yosef/OneDrive/Documents/GitHub/EduClicker/Content/Textures/T_Rock_Slate_N.ubulk" 238
"C:/Users/Yosef/OneDrive/Documents/GitHub/EduClicker/Content/Textures/T_Rock_Smooth_Granite_D.uasset" 239
"C:/Users/Yosef/OneDrive/Documents/GitHub/EduClicker/Content/Textures/T_Rock_Smooth_Granite_D.uexp" 240
"C:/Users/Yosef/OneDrive/Documents/GitHub/EduClicker/Content/Textures/T_Rock_Smooth_Granite_D.ubulk" 241
"C:/Users/Yosef/OneDrive/Documents/GitHub/EduClicker/Content/Textures/T_Shelf_M.uasset" 242
"C:/Users/Yosef/OneDrive/Documents/GitHub/EduClicker/Content/Textures/T_Shelf_M.uexp" 243
"C:/Users/Yosef/OneDrive/Documents/GitHub/EduClicker/Content/Textures/T_Shelf_M.ubulk" 244
"C:/Users/Yosef/OneDrive/Documents/GitHub/EduClicker/Content/Textures/T_Shelf_N.uasset" 245
"C:/Users/Yosef/OneDrive/Documents/GitHub/EduClicker/Content/Textures/T_Shelf_N.uexp" 246
"C:/Users/Yosef/OneDrive/Documents/GitHub/EduClicker/Content/Textures/T_Shelf_N.ubulk" 247
"C:/Users/Yosef/OneDrive/Documents/GitHub/EduClicker/Content/Textures/T_Single_Tile_N.uasset" 248
"C:/Users/Yosef/OneDrive/Documents/GitHub/EduClicker/Content/Textures/T_Single_Tile_N.uexp" 249
"C:/Users/Yosef/OneDrive/Documents/GitHub/EduClicker/Content/Textures/T_Single_Tile_N.ubulk" 250
"C:/Users/Yosef/OneDrive/Documents/GitHub/EduClicker/Content/Textures/T_Smoke_SubUV.uasset" 251
"C:/Users/Yosef/OneDrive/Documents/GitHub/EduClicker/Content/Textures/T_Smoke_SubUV.uexp" 252
"C:/Users/Yosef/OneDrive/Documents/GitHub/EduClicker/Content/Textures/T_Smoke_SubUV.ubulk" 253
"C:/Users/Yosef/OneDrive/Documents/GitHub/EduClicker/Content/Textures/T_Smoke_Tiled_D.uasset" 254
"C:/Users/Yosef/OneDrive/Documents/GitHub/EduClicker/Content/Textures/T_Smoke_Tiled_D.uexp" 255
"C:/Users/Yosef/OneDrive/Documents/GitHub/EduClicker/Content/Textures/T_Smoke_Tiled_D.ubulk" 256
"C:/Users/Yosef/OneDrive/Documents/GitHub/EduClicker/Content/Textures/T_Spark_Core.uasset" 257
"C:/Users/Yosef/OneDrive/Documents/GitHub/EduClicker/Content/Textures/T_Spark_Core.uexp" 258
"C:/Users/Yosef/OneDrive/Documents/GitHub/EduClicker/Content/Textures/T_Spark_Core.ubulk" 259
"C:/Users/Yosef/OneDrive/Documents/GitHub/EduClicker/Content/Textures/T_Statue_M.uasset" 260
"C:/Users/Yosef/OneDrive/Documents/GitHub/EduClicker/Content/Textures/T_Statue_M.uexp" 261
"C:/Users/Yosef/OneDrive/Documents/GitHub/EduClicker/Content/Textures/T_Statue_M.ubulk" 262
"C:/Users/Yosef/OneDrive/Documents/GitHub/EduClicker/Content/Textures/T_Statue_N.uasset" 263
"C:/Users/Yosef/OneDrive/Documents/GitHub/EduClicker/Content/Textures/T_Statue_N.uexp" 264
"C:/Users/Yosef/OneDrive/Documents/GitHub/EduClicker/Content/Textures/T_Statue_N.ubulk" 265
"C:/Users/Yosef/OneDrive/Documents/GitHub/EduClicker/Content/Textures/T_TableRound_M.uasset" 266
"C:/Users/Yosef/OneDrive/Documents/GitHub/EduClicker/Content/Textures/T_TableRound_M.uexp" 267
"C:/Users/Yosef/OneDrive/Documents/GitHub/EduClicker/Content/Textures/T_TableRound_M.ubulk" 268
"C:/Users/Yosef/OneDrive/Documents/GitHub/EduClicker/Content/Textures/T_TableRound_N.uasset" 269
"C:/Users/Yosef/OneDrive/Documents/GitHub/EduClicker/Content/Textures/T_TableRound_N.uexp" 270
"C:/Users/Yosef/OneDrive/Documents/GitHub/EduClicker/Content/Textures/T_TableRound_N.ubulk" 271
"C:/Users/Yosef/OneDrive/Documents/GitHub/EduClicker/Content/Textures/T_Tech_Dot_M.uasset" 272
"C:/Users/Yosef/OneDrive/Documents/GitHub/EduClicker/Content/Textures/T_Tech_Dot_M.uexp" 273
"C:/Users/Yosef/OneDrive/Documents/GitHub/EduClicker/Content/Textures/T_Tech_Dot_M.ubulk" 274
"C:/Users/Yosef/OneDrive/Documents/GitHub/EduClicker/Content/Textures/T_Tech_Dot_N.uasset" 275
"C:/Users/Yosef/OneDrive/Documents/GitHub/EduClicker/Content/Textures/T_Tech_Dot_N.uexp" 276
"C:/Users/Yosef/OneDrive/Documents/GitHub/EduClicker/Content/Textures/T_Tech_Dot_N.ubulk" 277
"C:/Users/Yosef/OneDrive/Documents/GitHub/EduClicker/Content/Textures/T_Tech_Hex_Tile_M.uasset" 278
"C:/Users/Yosef/OneDrive/Documents/GitHub/EduClicker/Content/Textures/T_Tech_Hex_Tile_M.uexp" 279
"C:/Users/Yosef/OneDrive/Documents/GitHub/EduClicker/Content/Textures/T_Tech_Hex_Tile_M.ubulk" 280
"C:/Users/Yosef/OneDrive/Documents/GitHub/EduClicker/Content/Textures/T_Tech_Hex_Tile_N.uasset" 281
"C:/Users/Yosef/OneDrive/Documents/GitHub/EduClicker/Content/Textures/T_Tech_Hex_Tile_N.uexp" 282
"C:/Users/Yosef/OneDrive/Documents/GitHub/EduClicker/Content/Textures/T_Tech_Hex_Tile_N.ubulk" 283
"C:/Users/Yosef/OneDrive/Documents/GitHub/EduClicker/Content/Textures/T_Tech_Panel_M.uasset" 284
"C:/Users/Yosef/OneDrive/Documents/GitHub/EduClicker/Content/Textures/T_Tech_Panel_M.uexp" 285
"C:/Users/Yosef/OneDrive/Documents/GitHub/EduClicker/Content/Textures/T_Tech_Panel_M.ubulk" 286
"C:/Users/Yosef/OneDrive/Documents/GitHub/EduClicker/Content/Textures/T_Tech_Panel_N.uasset" 287
"C:/Users/Yosef/OneDrive/Documents/GitHub/EduClicker/Content/Textures/T_Tech_Panel_N.uexp" 288
"C:/Users/Yosef/OneDrive/Documents/GitHub/EduClicker/Content/Textures/T_Tech_Panel_N.ubulk" 289
"C:/Users/Yosef/OneDrive/Documents/GitHub/EduClicker/Content/Textures/T_Water_M.uasset" 290
"C:/Users/Yosef/OneDrive/Documents/GitHub/EduClicker/Content/Textures/T_Water_M.uexp" 291
"C:/Users/Yosef/OneDrive/Documents/GitHub/EduClicker/Content/Textures/T_Water_M.ubulk" 292
"C:/Users/Yosef/OneDrive/Documents/GitHub/EduClicker/Content/Textures/T_Water_N.uasset" 293
"C:/Users/Yosef/OneDrive/Documents/GitHub/EduClicker/Content/Textures/T_Water_N.uexp" 294
"C:/Users/Yosef/OneDrive/Documents/GitHub/EduClicker/Content/Textures/T_Water_N.ubulk" 295
"C:/Users/Yosef/OneDrive/Documents/GitHub/EduClicker/Content/Textures/T_Wood_Floor_Walnut_D.uasset" 296
"C:/Users/Yosef/OneDrive/Documents/GitHub/EduClicker/Content/Textures/T_Wood_Floor_Walnut_D.uexp" 297
"C:/Users/Yosef/OneDrive/Documents/GitHub/EduClicker/Content/Textures/T_Wood_Floor_Walnut_D.ubulk" 298
"C:/Users/Yosef/OneDrive/Documents/GitHub/EduClicker/Content/Textures/T_Wood_Floor_Walnut_M.uasset" 299
"C:/Users/Yosef/OneDrive/Documents/GitHub/EduClicker/Content/Textures/T_Wood_Floor_Walnut_M.uexp" 300
"C:/Users/Yosef/OneDrive/Documents/GitHub/EduClicker/Content/Textures/T_Wood_Floor_Walnut_M.ubulk" 301
"C:/Users/Yosef/OneDrive/Documents/GitHub/EduClicker/Content/Textures/T_Wood_Floor_Walnut_N.uasset" 302
"C:/Users/Yosef/OneDrive/Documents/GitHub/EduClicker/Content/Textures/T_Wood_Floor_Walnut_N.uexp" 303
"C:/Users/Yosef/OneDrive/Documents/GitHub/EduClicker/Content/Textures/T_Wood_Floor_Walnut_N.ubulk" 304
"C:/Users/Yosef/OneDrive/Documents/GitHub/EduClicker/Content/Textures/T_Wood_Oak_D.uasset" 305
"C:/Users/Yosef/OneDrive/Documents/GitHub/EduClicker/Content/Textures/T_Wood_Oak_D.uexp" 306
"C:/Users/Yosef/OneDrive/Documents/GitHub/EduClicker/Content/Textures/T_Wood_Oak_D.ubulk" 307
"C:/Users/Yosef/OneDrive/Documents/GitHub/EduClicker/Content/Textures/T_Wood_Oak_N.uasset" 308
"C:/Users/Yosef/OneDrive/Documents/GitHub/EduClicker/Content/Textures/T_Wood_Oak_N.uexp" 309
"C:/Users/Yosef/OneDrive/Documents/GitHub/EduClicker/Content/Textures/T_Wood_Oak_N.ubulk" 310
"C:/Users/Yosef/OneDrive/Documents/GitHub/EduClicker/Content/Textures/T_Wood_Pine_D.uasset" 311
"C:/Users/Yosef/OneDrive/Documents/GitHub/EduClicker/Content/Textures/T_Wood_Pine_D.uexp" 312
"C:/Users/Yosef/OneDrive/Documents/GitHub/EduClicker/Content/Textures/T_Wood_Pine_D.ubulk" 313
"C:/Users/Yosef/OneDrive/Documents/GitHub/EduClicker/Content/Textures/T_Wood_Pine_N.uasset" 314
"C:/Users/Yosef/OneDrive/Documents/GitHub/EduClicker/Content/Textures/T_Wood_Pine_N.uexp" 315
"C:/Users/Yosef/OneDrive/Documents/GitHub/EduClicker/Content/Textures/T_Wood_Pine_N.ubulk" 316
"C:/Users/Yosef/OneDrive/Documents/GitHub/EduClicker/Content/Textures/T_Wood_Walnut_D.uasset" 317
"C:/Users/Yosef/OneDrive/Documents/GitHub/EduClicker/Content/Textures/T_Wood_Walnut_D.uexp" 318
"C:/Users/Yosef/OneDrive/Documents/GitHub/EduClicker/Content/Textures/T_Wood_Walnut_D.ubulk" 319
"C:/Users/Yosef/OneDrive/Documents/GitHub/EduClicker/Content/Textures/T_Wood_Walnut_N.uasset" 320
"C:/Users/Yosef/OneDrive/Documents/GitHub/EduClicker/Content/Textures/T_Wood_Walnut_N.uexp" 321
"C:/Users/Yosef/OneDrive/Documents/GitHub/EduClicker/Content/Textures/T_Wood_Walnut_N.ubulk" 322
"../../../Engine/Content/EngineMaterials/T_Default_Material_Grid_N.uasset" 323
"../../../Engine/Content/EngineMaterials/T_Default_Material_Grid_N.uexp" 324
"../../../Engine/Content/EngineMaterials/T_Default_Material_Grid_N.ubulk" 325
"../../../Engine/Content/EngineMaterials/T_Default_Material_Grid_M.uasset" 326
"../../../Engine/Content/EngineMaterials/T_Default_Material_Grid_M.uexp" 327
"../../../Engine/Content/EngineMaterials/T_Default_Material_Grid_M.ubulk" 328
"../../../Engine/Content/Functions/Engine_MaterialFunctions01/Opacity/CameraDepthFade.uasset" 329
"../../../Engine/Content/Functions/Engine_MaterialFunctions01/Opacity/CameraDepthFade.uexp" 330
"../../../Engine/Content/EngineMaterials/WorldGridMaterial.uasset" 331
"../../../Engine/Content/EngineMaterials/WorldGridMaterial.uexp" 332
"../../../Engine/Content/ArtTools/RenderToTexture/Meshes/S_1_Unit_Plane.uasset" 333
"../../../Engine/Content/ArtTools/RenderToTexture/Meshes/S_1_Unit_Plane.uexp" 334
"../../../Engine/Content/EngineMaterials/DefaultMaterial.uasset" 335
"../../../Engine/Content/EngineMaterials/DefaultMaterial.uexp" 336
"../../../Engine/Content/BasicShapes/Cone.uasset" 337
"../../../Engine/Content/BasicShapes/Cone.uexp" 338
"../../../Engine/Content/BasicShapes/Cube.uasset" 339
"../../../Engine/Content/BasicShapes/Cube.uexp" 340
"../../../Engine/Content/BasicShapes/Plane.uasset" 341
"../../../Engine/Content/BasicShapes/Plane.uexp" 342
"../../../Engine/Content/BasicShapes/Sphere.uasset" 343
"../../../Engine/Content/BasicShapes/Sphere.uexp" 344
"../../../Engine/Content/EditorLandscapeResources/DataLayer.uasset" 345
"../../../Engine/Content/EditorLandscapeResources/DataLayer.uexp" 346
"../../../Engine/Content/EditorLandscapeResources/DefaultAlphaTexture.uasset" 347
"../../../Engine/Content/EditorLandscapeResources/DefaultAlphaTexture.uexp" 348
"../../../Engine/Content/EditorMaterials/MAT_Groups_Toggle.uasset" 349
"../../../Engine/Content/EditorMaterials/MAT_Groups_Toggle.uexp" 350
"../../../Engine/Content/EditorMaterials/MAT_Groups_Visibility.uasset" 351
"../../../Engine/Content/EditorMaterials/MAT_Groups_Visibility.uexp" 352
"../../../Engine/Content/EditorMaterials/PreviewShadowIndicator.uasset" 353
"../../../Engine/Content/EditorMaterials/PreviewShadowIndicator.uexp" 354
"../../../Engine/Content/EditorMaterials/PreviewShadowIndicator.ubulk" 355
"../../../Engine/Content/EditorMaterials/PreviewShadowIndicatorMaterial.uasset" 356
"../../../Engine/Content/EditorMaterials/PreviewShadowIndicatorMaterial.uexp" 357
"../../../Engine/Content/EditorMaterials/MatineeGroups/MAT_ColorTrack.uasset" 358
"../../../Engine/Content/EditorMaterials/MatineeGroups/MAT_ColorTrack.uexp" 359
"../../../Engine/Content/EditorMaterials/MatineeGroups/MAT_Groups_Anim.uasset" 360
"../../../Engine/Content/EditorMaterials/MatineeGroups/MAT_Groups_Anim.uexp" 361
"../../../Engine/Content/EditorMaterials/MatineeGroups/MAT_Groups_AudioMaster.uasset" 362
"../../../Engine/Content/EditorMaterials/MatineeGroups/MAT_Groups_AudioMaster.uexp" 363
"../../../Engine/Content/EditorMaterials/MatineeGroups/MAT_Groups_Director.uasset" 364
"../../../Engine/Content/EditorMaterials/MatineeGroups/MAT_Groups_Director.uexp" 365
"../../../Engine/Content/EditorMaterials/MatineeGroups/MAT_Groups_Event.uasset" 366
"../../../Engine/Content/EditorMaterials/MatineeGroups/MAT_Groups_Event.uexp" 367
"../../../Engine/Content/EditorMaterials/MatineeGroups/MAT_Groups_Fade.uasset" 368
"../../../Engine/Content/EditorMaterials/MatineeGroups/MAT_Groups_Fade.uexp" 369
"../../../Engine/Content/EditorMaterials/MatineeGroups/MAT_Groups_Float.uasset" 370
"../../../Engine/Content/EditorMaterials/MatineeGroups/MAT_Groups_Float.uexp" 371
"../../../Engine/Content/EditorMaterials/MatineeGroups/MAT_Groups_Move.uasset" 372
"../../../Engine/Content/EditorMaterials/MatineeGroups/MAT_Groups_Move.uexp" 373
"../../../Engine/Content/EditorMaterials/MatineeGroups/MAT_Groups_Slomo.uasset" 374
"../../../Engine/Content/EditorMaterials/MatineeGroups/MAT_Groups_Slomo.uexp" 375
"../../../Engine/Content/EditorMaterials/MatineeGroups/MAT_Groups_Sound.uasset" 376
"../../../Engine/Content/EditorMaterials/MatineeGroups/MAT_Groups_Sound.uexp" 377
"../../../Engine/Content/EditorMaterials/MatineeGroups/MAT_Groups_Vector.uasset" 378
"../../../Engine/Content/EditorMaterials/MatineeGroups/MAT_Groups_Vector.uexp" 379
"../../../Engine/Content/EditorMaterials/ParticleSystems/PSysThumbnail_NoImage.uasset" 380
"../../../Engine/Content/EditorMaterials/ParticleSystems/PSysThumbnail_NoImage.uexp" 381
"../../../Engine/Content/EditorMaterials/ParticleSystems/PSysThumbnail_NoImage.ubulk" 382
"../../../Engine/Content/EditorMaterials/ParticleSystems/PSysThumbnail_OOD.uasset" 383
"../../../Engine/Content/EditorMaterials/ParticleSystems/PSysThumbnail_OOD.uexp" 384
"../../../Engine/Content/EditorMaterials/ParticleSystems/PSysThumbnail_OOD.ubulk" 385
"../../../Engine/Content/EditorMaterials/Camera/CineMat.uasset" 386
"../../../Engine/Content/EditorMaterials/Camera/CineMat.uexp" 387
"../../../Engine/Content/EditorMaterials/Camera/MI_CineMat_Rig.uasset" 388
"../../../Engine/Content/EditorMaterials/Camera/MI_CineMat_Rig.uexp" 389
"../../../Engine/Content/EditorMeshes/Camera/SM_CraneRig_Arm.uasset" 390
"../../../Engine/Content/EditorMeshes/Camera/SM_CraneRig_Arm.uexp" 391
"../../../Engine/Content/EditorMeshes/Camera/SM_CraneRig_Base.uasset" 392
"../../../Engine/Content/EditorMeshes/Camera/SM_CraneRig_Base.uexp" 393
"../../../Engine/Content/EditorMeshes/Camera/SM_CraneRig_Body.uasset" 394
"../../../Engine/Content/EditorMeshes/Camera/SM_CraneRig_Body.uexp" 395
"../../../Engine/Content/EditorMeshes/Camera/SM_CraneRig_Mount.uasset" 396
"../../../Engine/Content/EditorMeshes/Camera/SM_CraneRig_Mount.uexp" 397
"../../../Engine/Content/EditorMeshes/Camera/SM_RailRig_Mount.uasset" 398
"../../../Engine/Content/EditorMeshes/Camera/SM_RailRig_Mount.uexp" 399
"../../../Engine/Content/EditorMeshes/Camera/SM_RailRig_Track.uasset" 400
"../../../Engine/Content/EditorMeshes/Camera/SM_RailRig_Track.uexp" 401
"../../../Engine/Content/EditorResources/BSPVertex.uasset" 402
"../../../Engine/Content/EditorResources/BSPVertex.uexp" 403
"../../../Engine/Content/EditorResources/S_Actor.uasset" 404
"../../../Engine/Content/EditorResources/S_Actor.uexp" 405
"../../../Engine/Content/EditorResources/S_Actor.ubulk" 406
"../../../Engine/Content/EditorResources/S_Note.uasset" 407
"../../../Engine/Content/EditorResources/S_Note.uexp" 408
"../../../Engine/Content/EditorResources/S_Note.ubulk" 409
"../../../Engine/Content/EditorResources/S_Solver.uasset" 410
"../../../Engine/Content/EditorResources/S_Solver.uexp" 411
"../../../Engine/Content/EditorResources/S_Solver.ubulk" 412
"../../../Engine/Content/EditorResources/S_Terrain.uasset" 413
"../../../Engine/Content/EditorResources/S_Terrain.uexp" 414
"../../../Engine/Content/EditorResources/S_Terrain.ubulk" 415
"../../../Engine/Content/EditorResources/S_Trigger.uasset" 416
"../../../Engine/Content/EditorResources/S_Trigger.uexp" 417
"../../../Engine/Content/EditorResources/S_Trigger.ubulk" 418
"../../../Engine/Content/EditorResources/SequenceRecorder/Countdown.uasset" 419
"../../../Engine/Content/EditorResources/SequenceRecorder/Countdown.uexp" 420
"../../../Engine/Content/EditorResources/SequenceRecorder/RecordingIndicator.uasset" 421
"../../../Engine/Content/EditorResources/SequenceRecorder/RecordingIndicator.uexp" 422
"../../../Engine/Content/EngineDamageTypes/DmgTypeBP_Environmental.uasset" 423
"../../../Engine/Content/EngineDamageTypes/DmgTypeBP_Environmental.uexp" 424
"../../../Engine/Content/EngineDebugMaterials/DebugEditorMaterial.uasset" 425
"../../../Engine/Content/EngineDebugMaterials/DebugEditorMaterial.uexp" 426
"../../../Engine/Content/EngineDebugMaterials/DebugMeshMaterial.uasset" 427
"../../../Engine/Content/EngineDebugMaterials/DebugMeshMaterial.uexp" 428
"../../../Engine/Content/EngineDebugMaterials/M_SimpleUnlitTranslucent.uasset" 429
"../../../Engine/Content/EngineDebugMaterials/M_SimpleUnlitTranslucent.uexp" 430
"../../../Engine/Content/EngineDebugMaterials/VolumeToRender.uasset" 431
"../../../Engine/Content/EngineDebugMaterials/VolumeToRender.uexp" 432
"../../../Engine/Content/Functions/Engine_MaterialFunctions02/Utility/CameraDirectionVector.uasset" 433
"../../../Engine/Content/Functions/Engine_MaterialFunctions02/Utility/CameraDirectionVector.uexp" 434
"../../../Engine/Content/EngineDebugMaterials/M_VolumeRenderSphereTracePP.uasset" 435
"../../../Engine/Content/EngineDebugMaterials/M_VolumeRenderSphereTracePP.uexp" 436
"../../../Engine/Content/Functions/Engine_MaterialFunctions01/Shading/ConvertFromDiffSpec.uasset" 437
"../../../Engine/Content/Functions/Engine_MaterialFunctions01/Shading/ConvertFromDiffSpec.uexp" 438
"../../../Engine/Content/EngineDebugMaterials/VertexColorMaterial.uasset" 439
"../../../Engine/Content/EngineDebugMaterials/VertexColorMaterial.uexp" 440
"../../../Engine/Content/EngineDebugMaterials/WireframeMaterial.uasset" 441
"../../../Engine/Content/EngineDebugMaterials/WireframeMaterial.uexp" 442
"../../../Engine/Content/EngineFonts/Faces/RobotoRegular.uasset" 443
"../../../Engine/Content/EngineFonts/Faces/RobotoRegular.uexp" 444
"../../../Engine/Content/EngineFonts/Faces/RobotoRegular.ufont" 445
"../../../Engine/Content/EngineFonts/Faces/RobotoLight.uasset" 446
"../../../Engine/Content/EngineFonts/Faces/RobotoLight.uexp" 447
"../../../Engine/Content/EngineFonts/Faces/RobotoLight.ufont" 448
"../../../Engine/Content/EngineFonts/Faces/RobotoItalic.uasset" 449
"../../../Engine/Content/EngineFonts/Faces/RobotoItalic.uexp" 450
"../../../Engine/Content/EngineFonts/Faces/RobotoItalic.ufont" 451
"../../../Engine/Content/EngineFonts/Faces/RobotoBoldItalic.uasset" 452
"../../../Engine/Content/EngineFonts/Faces/RobotoBoldItalic.uexp" 453
"../../../Engine/Content/EngineFonts/Faces/RobotoBoldItalic.ufont" 454
"../../../Engine/Content/EngineFonts/Faces/RobotoBold.uasset" 455
"../../../Engine/Content/EngineFonts/Faces/RobotoBold.uexp" 456
"../../../Engine/Content/EngineFonts/Faces/RobotoBold.ufont" 457
"../../../Engine/Content/EngineFonts/Faces/DroidSansFallback.uasset" 458
"../../../Engine/Content/EngineFonts/Faces/DroidSansFallback.uexp" 459
"../../../Engine/Content/EngineFonts/Faces/DroidSansFallback.ufont" 460
"../../../Engine/Content/EngineFonts/Roboto.uasset" 461
"../../../Engine/Content/EngineFonts/Roboto.uexp" 462
"../../../Engine/Content/EngineMaterials/BaseFlattenNormalMap.uasset" 463
"../../../Engine/Content/EngineMaterials/BaseFlattenNormalMap.uexp" 464
"../../../Engine/Content/EngineMaterials/BaseFlattenGrayscaleMap.uasset" 465
"../../../Engine/Content/EngineMaterials/BaseFlattenGrayscaleMap.uexp" 466
"../../../Engine/Content/EngineMaterials/BaseFlattenEmissiveMap.uasset" 467
"../../../Engine/Content/EngineMaterials/BaseFlattenEmissiveMap.uexp" 468
"../../../Engine/Content/EngineMaterials/BaseFlattenDiffuseMap.uasset" 469
"../../../Engine/Content/EngineMaterials/BaseFlattenDiffuseMap.uexp" 470
"../../../Engine/Content/EngineMaterials/BaseFlattenMaterial.uasset" 471
"../../../Engine/Content/EngineMaterials/BaseFlattenMaterial.uexp" 472
"../../../Engine/Content/EngineMaterials/BlueNoise.uasset" 473
"../../../Engine/Content/EngineMaterials/BlueNoise.uexp" 474
"../../../Engine/Content/EngineMaterials/DefaultBloomKernel.uasset" 475
"../../../Engine/Content/EngineMaterials/DefaultBloomKernel.uexp" 476
"../../../Engine/Content/EngineMaterials/DefaultBokeh.uasset" 477
"../../../Engine/Content/EngineMaterials/DefaultBokeh.uexp" 478
"../../../Engine/Content/EngineMaterials/DefaultDiffuse.uasset" 479
"../../../Engine/Content/EngineMaterials/DefaultDiffuse.uexp" 480
"../../../Engine/Content/EngineMaterials/DefaultDiffuse.ubulk" 481
"../../../Engine/Content/EngineMaterials/DefaultDeferredDecalMaterial.uasset" 482
"../../../Engine/Content/EngineMaterials/DefaultDeferredDecalMaterial.uexp" 483
"../../../Engine/Content/EngineMaterials/DefaultLightFunctionMaterial.uasset" 484
"../../../Engine/Content/EngineMaterials/DefaultLightFunctionMaterial.uexp" 485
"../../../Engine/Content/EngineMaterials/DefaultPhysicalMaterial.uasset" 486
"../../../Engine/Content/EngineMaterials/DefaultPhysicalMaterial.uexp" 487
"../../../Engine/Content/Functions/Engine_MaterialFunctions02/Utility/BreakOutFloat2Components.uasset" 488
"../../../Engine/Content/Functions/Engine_MaterialFunctions02/Utility/BreakOutFloat2Components.uexp" 489
"../../../Engine/Content/EngineMaterials/DefaultPostProcessMaterial.uasset" 490
"../../../Engine/Content/EngineMaterials/DefaultPostProcessMaterial.uexp" 491
"../../../Engine/Content/EngineFonts/RobotoDistanceField.uasset" 492
"../../../Engine/Content/EngineFonts/RobotoDistanceField.uexp" 493
"../../../Engine/Content/EngineMaterials/DefaultTextMaterialOpaque.uasset" 494
"../../../Engine/Content/EngineMaterials/DefaultTextMaterialOpaque.uexp" 495
"../../../Engine/Content/EngineMaterials/DefaultWhiteGrid.uasset" 496
"../../../Engine/Content/EngineMaterials/DefaultWhiteGrid.uexp" 497
"../../../Engine/Content/EngineMaterials/DefaultWhiteGrid.ubulk" 498
"../../../Engine/Content/EngineMaterials/DefaultWhiteGrid_Low.uasset" 499
"../../../Engine/Content/EngineMaterials/DefaultWhiteGrid_Low.uexp" 500
"../../../Engine/Content/EngineMaterials/EmissiveMeshMaterial.uasset" 501
"../../../Engine/Content/EngineMaterials/EmissiveMeshMaterial.uexp" 502
"../../../Engine/Content/EngineMaterials/GizmoMaterial.uasset" 503
"../../../Engine/Content/EngineMaterials/GizmoMaterial.uexp" 504
"../../../Engine/Content/EngineMaterials/Good64x64TilingNoiseHighFreq.uasset" 505
"../../../Engine/Content/EngineMaterials/Good64x64TilingNoiseHighFreq.uexp" 506
"../../../Engine/Content/EngineMaterials/MiniFont.uasset" 507
"../../../Engine/Content/EngineMaterials/MiniFont.uexp" 508
"../../../Engine/Content/EngineMaterials/InvalidLightmapSettings.uasset" 509
"../../../Engine/Content/EngineMaterials/InvalidLightmapSettings.uexp" 510
"../../../Engine/Content/EngineMaterials/InvalidLightmapSettings.ubulk" 511
"../../../Engine/Content/EngineMaterials/M_InvalidLightmapSettings.uasset" 512
"../../../Engine/Content/EngineMaterials/M_InvalidLightmapSettings.uexp" 513
"../../../Engine/Content/Functions/Engine_MaterialFunctions02/WorldPositionOffset/CameraOffset.uasset" 514
"../../../Engine/Content/Functions/Engine_MaterialFunctions02/WorldPositionOffset/CameraOffset.uexp" 515
"../../../Engine/Content/EngineMaterials/PhAT_JointLimitMaterial.uasset" 516
"../../../Engine/Content/EngineMaterials/PhAT_JointLimitMaterial.uexp" 517
"../../../Engine/Content/EngineMaterials/DefaultCalibrationColor.uasset" 518
"../../../Engine/Content/EngineMaterials/DefaultCalibrationColor.uexp" 519
"../../../Engine/Content/EngineMaterials/PPM_DefaultCalibrationColor.uasset" 520
"../../../Engine/Content/EngineMaterials/PPM_DefaultCalibrationColor.uexp" 521
"../../../Engine/Content/EngineMaterials/DefaultCalibrationGrayscale.uasset" 522
"../../../Engine/Content/EngineMaterials/DefaultCalibrationGrayscale.uexp" 523
"../../../Engine/Content/EngineMaterials/PPM_DefaultCalibrationGrayscale.uasset" 524
"../../../Engine/Content/EngineMaterials/PPM_DefaultCalibrationGrayscale.uexp" 525
"../../../Engine/Content/EngineMaterials/PreintegratedSkinBRDF.uasset" 526
"../../../Engine/Content/EngineMaterials/PreintegratedSkinBRDF.uexp" 527
"../../../Engine/Content/EngineMaterials/RemoveSurfaceMaterial.uasset" 528
"../../../Engine/Content/EngineMaterials/RemoveSurfaceMaterial.uexp" 529
"../../../Engine/Content/EngineMaterials/WeightMapPlaceholderTexture.uasset" 530
"../../../Engine/Content/EngineMaterials/WeightMapPlaceholderTexture.uexp" 531
"../../../Engine/Content/EngineResources/WhiteSquareTexture.uasset" 532
"../../../Engine/Content/EngineResources/WhiteSquareTexture.uexp" 533
"../../../Engine/Content/EngineMaterials/Widget3DPassThrough.uasset" 534
"../../../Engine/Content/EngineMaterials/Widget3DPassThrough.uexp" 535
"../../../Engine/Content/EngineMaterials/Widget3DPassThrough_Masked.uasset" 536
"../../../Engine/Content/EngineMaterials/Widget3DPassThrough_Masked.uexp" 537
"../../../Engine/Content/EngineMaterials/Widget3DPassThrough_Opaque.uasset" 538
"../../../Engine/Content/EngineMaterials/Widget3DPassThrough_Opaque.uexp" 539
"../../../Engine/Content/EngineMaterials/Widget3DPassThrough_Masked_OneSided.uasset" 540
"../../../Engine/Content/EngineMaterials/Widget3DPassThrough_Masked_OneSided.uexp" 541
"../../../Engine/Content/EngineMaterials/Widget3DPassThrough_Opaque_OneSided.uasset" 542
"../../../Engine/Content/EngineMaterials/Widget3DPassThrough_Opaque_OneSided.uexp" 543
"../../../Engine/Content/EngineMaterials/Widget3DPassThrough_Translucent.uasset" 544
"../../../Engine/Content/EngineMaterials/Widget3DPassThrough_Translucent.uexp" 545
"../../../Engine/Content/EngineMaterials/Widget3DPassThrough_Translucent_OneSided.uasset" 546
"../../../Engine/Content/EngineMaterials/Widget3DPassThrough_Translucent_OneSided.uexp" 547
"../../../Engine/Content/EngineMeshes/Cylinder.uasset" 548
"../../../Engine/Content/EngineMeshes/Cylinder.uexp" 549
"../../../Engine/Content/EngineMeshes/Sphere.uasset" 550
"../../../Engine/Content/EngineMeshes/Sphere.uexp" 551
"../../../Engine/Content/EngineResources/DefaultTexture.uasset" 552
"../../../Engine/Content/EngineResources/DefaultTexture.uexp" 553
"../../../Engine/Content/EngineResources/DefaultTexture.ubulk" 554
"../../../Engine/Content/EngineResources/DefaultTextureCube.uasset" 555
"../../../Engine/Content/EngineResources/DefaultTextureCube.uexp" 556
"../../../Engine/Content/EngineResources/DefaultVolumeTexture2D.uasset" 557
"../../../Engine/Content/EngineResources/DefaultVolumeTexture2D.uexp" 558
"../../../Engine/Content/EngineResources/DefaultVolumeTexture.uasset" 559
"../../../Engine/Content/EngineResources/DefaultVolumeTexture.uexp" 560
"../../../Engine/Content/EngineResources/GradientTexture0.uasset" 561
"../../../Engine/Content/EngineResources/GradientTexture0.uexp" 562
"../../../Engine/Content/EngineSky/VolumetricClouds/T_NoiseShape64.uasset" 563
"../../../Engine/Content/EngineSky/VolumetricClouds/T_NoiseShape64.uexp" 564
"../../../Engine/Content/EngineSky/VolumetricClouds/T_NoiseShape64.ubulk" 565
"../../../Engine/Content/EngineSky/VolumetricClouds/T_VolumeNoiseShape64.uasset" 566
"../../../Engine/Content/EngineSky/VolumetricClouds/T_VolumeNoiseShape64.uexp" 567
"../../../Engine/Content/EngineSky/VolumetricClouds/T_NoiseErosion.uasset" 568
"../../../Engine/Content/EngineSky/VolumetricClouds/T_NoiseErosion.uexp" 569
"../../../Engine/Content/EngineSky/VolumetricClouds/T_NoiseErosion.ubulk" 570
"../../../Engine/Content/EngineSky/VolumetricClouds/T_VolumeNoiseErosion32.uasset" 571
"../../../Engine/Content/EngineSky/VolumetricClouds/T_VolumeNoiseErosion32.uexp" 572
"../../../Engine/Content/EngineSky/VolumetricClouds/CloudWeatherTexture.uasset" 573
"../../../Engine/Content/EngineSky/VolumetricClouds/CloudWeatherTexture.uexp" 574
"../../../Engine/Content/EngineSky/VolumetricClouds/CloudGradientTexture.uasset" 575
"../../../Engine/Content/EngineSky/VolumetricClouds/CloudGradientTexture.uexp" 576
"../../../Engine/Content/Functions/Engine_MaterialFunctions02/Utility/MakeFloat2.uasset" 577
"../../../Engine/Content/Functions/Engine_MaterialFunctions02/Utility/MakeFloat2.uexp" 578
"../../../Engine/Content/EngineSky/VolumetricClouds/m_SimpleVolumetricCloud.uasset" 579
"../../../Engine/Content/EngineSky/VolumetricClouds/m_SimpleVolumetricCloud.uexp" 580
"../../../Engine/Content/EngineSky/VolumetricClouds/m_SimpleVolumetricCloud_Inst.uasset" 581
"../../../Engine/Content/EngineSky/VolumetricClouds/m_SimpleVolumetricCloud_Inst.uexp" 582
"../../../Engine/Content/EngineSounds/Master.uasset" 583
"../../../Engine/Content/EngineSounds/Master.uexp" 584
"../../../Engine/Content/Functions/Engine_MaterialFunctions01/Shading/PowerToRoughness.uasset" 585
"../../../Engine/Content/Functions/Engine_MaterialFunctions01/Shading/PowerToRoughness.uexp" 586
"../../../Engine/Content/Maps/Templates/Thumbnails/Default.uasset" 587
"../../../Engine/Content/Maps/Templates/Thumbnails/Default.uexp" 588
"../../../Engine/Content/Maps/Templates/Thumbnails/TimeOfDay.uasset" 589
"../../../Engine/Content/Maps/Templates/Thumbnails/TimeOfDay.uexp" 590
"../../../Engine/Content/Maps/Templates/Thumbnails/VR-Basic.uasset" 591
"../../../Engine/Content/Maps/Templates/Thumbnails/VR-Basic.uexp" 592
"../../../Engine/Content/MobileResources/T_MobileControls_texture.uasset" 593
"../../../Engine/Content/MobileResources/T_MobileControls_texture.uexp" 594
"../../../Engine/Content/MobileResources/T_MobileMenu2.uasset" 595
"../../../Engine/Content/MobileResources/T_MobileMenu2.uexp" 596
"../../../Engine/Content/MobileResources/HUD/AnalogHat.uasset" 597
"../../../Engine/Content/MobileResources/HUD/AnalogHat.uexp" 598
"../../../Engine/Content/MobileResources/HUD/VirtualJoystick_Thumb.uasset" 599
"../../../Engine/Content/MobileResources/HUD/VirtualJoystick_Thumb.uexp" 600
"../../../Engine/Content/MobileResources/HUD/VirtualJoystick_Background.uasset" 601
"../../../Engine/Content/MobileResources/HUD/VirtualJoystick_Background.uexp" 602
"../../../Engine/Content/MobileResources/HUD/DefaultVirtualJoysticks.uasset" 603
"../../../Engine/Content/MobileResources/HUD/DefaultVirtualJoysticks.uexp" 604
"../../../Engine/Content/MobileResources/HUD/LeftVirtualJoystickOnly.uasset" 605
"../../../Engine/Content/MobileResources/HUD/LeftVirtualJoystickOnly.uexp" 606
"../../../Engine/Content/MobileResources/HUD/MobileHUDButton1_off.uasset" 607
"../../../Engine/Content/MobileResources/HUD/MobileHUDButton1_off.uexp" 608
"../../../Engine/Content/MobileResources/HUD/MobileHUDButton1_on.uasset" 609
"../../../Engine/Content/MobileResources/HUD/MobileHUDButton1_on.uexp" 610
"../../../Engine/Content/MobileResources/HUD/MobileHUDButton2_off.uasset" 611
"../../../Engine/Content/MobileResources/HUD/MobileHUDButton2_off.uexp" 612
"../../../Engine/Content/MobileResources/HUD/MobileHUDButton2_on.uasset" 613
"../../../Engine/Content/MobileResources/HUD/MobileHUDButton2_on.uexp" 614
"../../../Engine/Content/MobileResources/HUD/MobileHUDButton3.uasset" 615
"../../../Engine/Content/MobileResources/HUD/MobileHUDButton3.uexp" 616
"../../../Engine/Content/MobileResources/HUD/MobileHUDButtonFire.uasset" 617
"../../../Engine/Content/MobileResources/HUD/MobileHUDButtonFire.uexp" 618
"../../../Engine/Content/MobileResources/HUD/MobileHUDDirectionPad.uasset" 619
"../../../Engine/Content/MobileResources/HUD/MobileHUDDirectionPad.uexp" 620
"../../../Engine/Content/MobileResources/HUD/MobileHUDDirectionPad2.uasset" 621
"../../../Engine/Content/MobileResources/HUD/MobileHUDDirectionPad2.uexp" 622
"../../../Engine/Content/MobileResources/HUD/MobileHUDDirectionPad3.uasset" 623
"../../../Engine/Content/MobileResources/HUD/MobileHUDDirectionPad3.uexp" 624
"../../../Engine/Content/MobileResources/HUD/MobileHUDDirectionStick.uasset" 625
"../../../Engine/Content/MobileResources/HUD/MobileHUDDirectionStick.uexp" 626
"../../../Engine/Content/MobileResources/HUD/T_Castle_ThumbstickInner.uasset" 627
"../../../Engine/Content/MobileResources/HUD/T_Castle_ThumbstickInner.uexp" 628
"../../../Engine/Content/MobileResources/HUD/T_Castle_ThumbstickOutter.uasset" 629
"../../../Engine/Content/MobileResources/HUD/T_Castle_ThumbstickOutter.uexp" 630
"../../../Engine/Content/Tutorial/ContentIntroCurve.uasset" 631
"../../../Engine/Content/Tutorial/ContentIntroCurve.uexp" 632
"../../../Engine/Content/Tutorial/Basics/TutorialAssets/icon_tab_Levels_40x.uasset" 633
"../../../Engine/Content/Tutorial/Basics/TutorialAssets/icon_tab_Levels_40x.uexp" 634
"../../../Engine/Content/Tutorial/BlueprintTutorials/TutorialAssets/Blueprint_64x.uasset" 635
"../../../Engine/Content/Tutorial/BlueprintTutorials/TutorialAssets/Blueprint_64x.uexp" 636
"../../../Engine/Content/VREditor/TransformGizmo/TranslucentTransformGizmoMaterial.uasset" 637
"../../../Engine/Content/VREditor/TransformGizmo/TranslucentTransformGizmoMaterial.uexp" 638
"../../../Engine/Content/VREditor/LaserPointer/VR_LaserPower_01.uasset" 639
"../../../Engine/Content/VREditor/LaserPointer/VR_LaserPower_01.uexp" 640
"../../../Engine/Content/VREditor/LaserPointer/VR_LaserPower_01.ubulk" 641
"../../../Engine/Content/VREditor/TransformGizmo/TransformGizmoMaterial.uasset" 642
"../../../Engine/Content/VREditor/TransformGizmo/TransformGizmoMaterial.uexp" 643
"../../../Engine/Content/VREditor/TransformGizmo/BoundingBoxCorner.uasset" 644
"../../../Engine/Content/VREditor/TransformGizmo/BoundingBoxCorner.uexp" 645
"../../../Engine/Content/VREditor/TransformGizmo/BoundingBoxEdge.uasset" 646
"../../../Engine/Content/VREditor/TransformGizmo/BoundingBoxEdge.uexp" 647
"../../../Engine/Content/VREditor/TransformGizmo/PlaneTranslationHandle.uasset" 648
"../../../Engine/Content/VREditor/TransformGizmo/PlaneTranslationHandle.uexp" 649
"../../../Engine/Content/VREditor/TransformGizmo/Xray.uasset" 650
"../../../Engine/Content/VREditor/TransformGizmo/Xray.uexp" 651
"../../../Engine/Content/VREditor/TransformGizmo/Main.uasset" 652
"../../../Engine/Content/VREditor/TransformGizmo/Main.uexp" 653
"../../../Engine/Content/VREditor/TransformGizmo/SM_Sequencer_Key.uasset" 654
"../../../Engine/Content/VREditor/TransformGizmo/SM_Sequencer_Key.uexp" 655
"../../../Engine/Content/VREditor/TransformGizmo/SM_Sequencer_Node.uasset" 656
"../../../Engine/Content/VREditor/TransformGizmo/SM_Sequencer_Node.uexp" 657
"../../../Engine/Plugins/2D/Paper2D/Content/DummySprite.uasset" 658
"../../../Engine/Plugins/2D/Paper2D/Content/DummySprite.uexp" 659
"../../../Engine/Plugins/2D/Paper2D/Content/DefaultPaperTerrainMaterial.uasset" 660
"../../../Engine/Plugins/2D/Paper2D/Content/DefaultPaperTerrainMaterial.uexp" 661
"../../../Engine/Plugins/2D/Paper2D/Content/MaskedUnlitSpriteMaterial.uasset" 662
"../../../Engine/Plugins/2D/Paper2D/Content/MaskedUnlitSpriteMaterial.uexp" 663
"../../../Engine/Plugins/2D/Paper2D/Content/OpaqueUnlitSpriteMaterial.uasset" 664
"../../../Engine/Plugins/2D/Paper2D/Content/OpaqueUnlitSpriteMaterial.uexp" 665
"../../../Engine/Content/Functions/Engine_MaterialFunctions02/Utility/VectorLength.uasset" 666
"../../../Engine/Content/Functions/Engine_MaterialFunctions02/Utility/VectorLength.uexp" 667
"../../../Engine/Content/Functions/Engine_MaterialFunctions02/ObjectLocalBounds.uasset" 668
"../../../Engine/Content/Functions/Engine_MaterialFunctions02/ObjectLocalBounds.uexp" 669
"../../../Engine/Content/Functions/Engine_MaterialFunctions02/WorldPositionOffset/ObjectScale.uasset" 670
"../../../Engine/Content/Functions/Engine_MaterialFunctions02/WorldPositionOffset/ObjectScale.uexp" 671
"../../../Engine/Content/Functions/Engine_MaterialFunctions02/Utility/BreakOutFloat3Components.uasset" 672
"../../../Engine/Content/Functions/Engine_MaterialFunctions02/Utility/BreakOutFloat3Components.uexp" 673
"../../../Engine/Plugins/Editor/SpeedTreeImporter/Content/SpeedTree9/UnpackInteger3.uasset" 674
"../../../Engine/Plugins/Editor/SpeedTreeImporter/Content/SpeedTree9/UnpackInteger3.uexp" 675
"../../../Engine/Plugins/Editor/SpeedTreeImporter/Content/SpeedTree9/UnpackDirection.uasset" 676
"../../../Engine/Plugins/Editor/SpeedTreeImporter/Content/SpeedTree9/UnpackDirection.uexp" 677
"../../../Engine/Plugins/Editor/SpeedTreeImporter/Content/SpeedTree9/game_wind_noise.uasset" 678
"../../../Engine/Plugins/Editor/SpeedTreeImporter/Content/SpeedTree9/game_wind_noise.uexp" 679
"../../../Engine/Plugins/Editor/SpeedTreeImporter/Content/SpeedTree9/game_wind_noise.ubulk" 680
"../../../Engine/Content/Functions/Engine_MaterialFunctions02/SafeNormalize.uasset" 681
"../../../Engine/Content/Functions/Engine_MaterialFunctions02/SafeNormalize.uexp" 682
"../../../Engine/Plugins/Editor/SpeedTreeImporter/Content/SpeedTree9/SpeedTreeWindMotion.uasset" 683
"../../../Engine/Plugins/Editor/SpeedTreeImporter/Content/SpeedTree9/SpeedTreeWindMotion.uexp" 684
"../../../Engine/Plugins/Editor/SpeedTreeImporter/Content/SpeedTree9/SpeedTreeBranchMotion.uasset" 685
"../../../Engine/Plugins/Editor/SpeedTreeImporter/Content/SpeedTree9/SpeedTreeBranchMotion.uexp" 686
"../../../Engine/Content/Functions/Engine_MaterialFunctions02/UVs/BoundingBoxBased_0-1_UVW.uasset" 687
"../../../Engine/Content/Functions/Engine_MaterialFunctions02/UVs/BoundingBoxBased_0-1_UVW.uexp" 688
"../../../Engine/Plugins/Editor/SpeedTreeImporter/Content/SpeedTree9/SpeedTreeWind.uasset" 689
"../../../Engine/Plugins/Editor/SpeedTreeImporter/Content/SpeedTree9/SpeedTreeWind.uexp" 690
"../../../Engine/Plugins/Editor/SpeedTreeImporter/Content/SpeedTree9/SpeedTreeBillboard.uasset" 691
"../../../Engine/Plugins/Editor/SpeedTreeImporter/Content/SpeedTree9/SpeedTreeBillboard.uexp" 692
"../../../Engine/Plugins/Editor/SpeedTreeImporter/Content/SpeedTree9/EmptyNormal.uasset" 693
"../../../Engine/Plugins/Editor/SpeedTreeImporter/Content/SpeedTree9/EmptyNormal.uexp" 694
"../../../Engine/Plugins/Editor/SpeedTreeImporter/Content/SpeedTree9/Empty.uasset" 695
"../../../Engine/Plugins/Editor/SpeedTreeImporter/Content/SpeedTree9/Empty.uexp" 696
"../../../Engine/Plugins/Editor/SpeedTreeImporter/Content/SpeedTree9/SpeedTreeBillboardMaster.uasset" 697
"../../../Engine/Plugins/Editor/SpeedTreeImporter/Content/SpeedTree9/SpeedTreeBillboardMaster.uexp" 698
"../../../Engine/Plugins/Editor/SpeedTreeImporter/Content/SpeedTree9/SpeedTreeCameraFacing.uasset" 699
"../../../Engine/Plugins/Editor/SpeedTreeImporter/Content/SpeedTree9/SpeedTreeCameraFacing.uexp" 700
"../../../Engine/Plugins/Editor/SpeedTreeImporter/Content/SpeedTree9/SpeedTreeMaster.uasset" 701
"../../../Engine/Plugins/Editor/SpeedTreeImporter/Content/SpeedTree9/SpeedTreeMaster.uexp" 702
"../../../Engine/Content/BasicShapes/Cylinder.uasset" 703
"../../../Engine/Content/BasicShapes/Cylinder.uexp" 704
"../../../Engine/Content/ArtTools/RenderToTexture/Materials/Debug/M_Emissive_Color.uasset" 705
"../../../Engine/Content/ArtTools/RenderToTexture/Materials/Debug/M_Emissive_Color.uexp" 706
"../../../Engine/Plugins/Lumin/MagicLeapPassableWorld/Content/MagicLeapARPinInfoActor.uasset" 707
"../../../Engine/Plugins/Lumin/MagicLeapPassableWorld/Content/MagicLeapARPinInfoActor.uexp" 708
"../../../Engine/Plugins/Runtime/OpenXR/Content/Devices/GoogleDaydream/MRTexture.uasset" 709
"../../../Engine/Plugins/Runtime/OpenXR/Content/Devices/GoogleDaydream/MRTexture.uexp" 710
"../../../Engine/Plugins/Runtime/OpenXR/Content/Devices/GoogleDaydream/MRTexture.ubulk" 711
"../../../Engine/Plugins/Runtime/OpenXR/Content/Devices/GoogleDaydream/BaseTexture.uasset" 712
"../../../Engine/Plugins/Runtime/OpenXR/Content/Devices/GoogleDaydream/BaseTexture.uexp" 713
"../../../Engine/Plugins/Runtime/OpenXR/Content/Devices/GoogleDaydream/BaseTexture.ubulk" 714
"../../../Engine/Content/EngineResources/Black.uasset" 715
"../../../Engine/Content/EngineResources/Black.uexp" 716
"../../../Engine/Plugins/Runtime/OpenXR/Content/Devices/M_XRController.uasset" 717
"../../../Engine/Plugins/Runtime/OpenXR/Content/Devices/M_XRController.uexp" 718
"../../../Engine/Plugins/Runtime/OpenXR/Content/Devices/GoogleDaydream/MI_GoogleDaydream.uasset" 719
"../../../Engine/Plugins/Runtime/OpenXR/Content/Devices/GoogleDaydream/MI_GoogleDaydream.uexp" 720
"../../../Engine/Plugins/Runtime/OpenXR/Content/Devices/GoogleDaydream/GoogleDaydreamController.uasset" 721
"../../../Engine/Plugins/Runtime/OpenXR/Content/Devices/GoogleDaydream/GoogleDaydreamController.uexp" 722
"../../../Engine/Plugins/Runtime/OpenXR/Content/Devices/HTCVive/BaseTexture.uasset" 723
"../../../Engine/Plugins/Runtime/OpenXR/Content/Devices/HTCVive/BaseTexture.uexp" 724
"../../../Engine/Plugins/Runtime/OpenXR/Content/Devices/HTCVive/BaseTexture.ubulk" 725
"../../../Engine/Plugins/Runtime/OpenXR/Content/Devices/HTCVive/MI_HTCVive.uasset" 726
"../../../Engine/Plugins/Runtime/OpenXR/Content/Devices/HTCVive/MI_HTCVive.uexp" 727
"../../../Engine/Plugins/Runtime/OpenXR/Content/Devices/HTCVive/HTCViveController.uasset" 728
"../../../Engine/Plugins/Runtime/OpenXR/Content/Devices/HTCVive/HTCViveController.uexp" 729
"../../../Engine/Plugins/Runtime/OpenXR/Content/Devices/MicrosoftMixedReality/NormalTexture.uasset" 730
"../../../Engine/Plugins/Runtime/OpenXR/Content/Devices/MicrosoftMixedReality/NormalTexture.uexp" 731
"../../../Engine/Plugins/Runtime/OpenXR/Content/Devices/MicrosoftMixedReality/NormalTexture.ubulk" 732
"../../../Engine/Plugins/Runtime/OpenXR/Content/Devices/MicrosoftMixedReality/MRTexture.uasset" 733
"../../../Engine/Plugins/Runtime/OpenXR/Content/Devices/MicrosoftMixedReality/MRTexture.uexp" 734
"../../../Engine/Plugins/Runtime/OpenXR/Content/Devices/MicrosoftMixedReality/MRTexture.ubulk" 735
"../../../Engine/Plugins/Runtime/OpenXR/Content/Devices/MicrosoftMixedReality/EmissiveTexture.uasset" 736
"../../../Engine/Plugins/Runtime/OpenXR/Content/Devices/MicrosoftMixedReality/EmissiveTexture.uexp" 737
"../../../Engine/Plugins/Runtime/OpenXR/Content/Devices/MicrosoftMixedReality/EmissiveTexture.ubulk" 738
"../../../Engine/Plugins/Runtime/OpenXR/Content/Devices/MicrosoftMixedReality/BaseTexture.uasset" 739
"../../../Engine/Plugins/Runtime/OpenXR/Content/Devices/MicrosoftMixedReality/BaseTexture.uexp" 740
"../../../Engine/Plugins/Runtime/OpenXR/Content/Devices/MicrosoftMixedReality/BaseTexture.ubulk" 741
"../../../Engine/Plugins/Runtime/OpenXR/Content/Devices/MicrosoftMixedReality/MI_MicrosoftMixedReality.uasset" 742
"../../../Engine/Plugins/Runtime/OpenXR/Content/Devices/MicrosoftMixedReality/MI_MicrosoftMixedReality.uexp" 743
"../../../Engine/Plugins/Runtime/OpenXR/Content/Devices/MicrosoftMixedReality/Left/left_MicrosoftMixedRealityController.uasset" 744
"../../../Engine/Plugins/Runtime/OpenXR/Content/Devices/MicrosoftMixedReality/Left/left_MicrosoftMixedRealityController.uexp" 745
"../../../Engine/Plugins/Runtime/OpenXR/Content/Devices/MicrosoftMixedReality/Right/right_MicrosoftMixedRealityController.uasset" 746
"../../../Engine/Plugins/Runtime/OpenXR/Content/Devices/MicrosoftMixedReality/Right/right_MicrosoftMixedRealityController.uexp" 747
"../../../Engine/Plugins/Runtime/OpenXR/Content/Devices/OculusGo/BaseTexture.uasset" 748
"../../../Engine/Plugins/Runtime/OpenXR/Content/Devices/OculusGo/BaseTexture.uexp" 749
"../../../Engine/Plugins/Runtime/OpenXR/Content/Devices/OculusGo/BaseTexture.ubulk" 750
"../../../Engine/Plugins/Runtime/OpenXR/Content/Devices/OculusGo/MI_OculusGo.uasset" 751
"../../../Engine/Plugins/Runtime/OpenXR/Content/Devices/OculusGo/MI_OculusGo.uexp" 752
"../../../Engine/Plugins/Runtime/OpenXR/Content/Devices/OculusGo/OculusGoController.uasset" 753
"../../../Engine/Plugins/Runtime/OpenXR/Content/Devices/OculusGo/OculusGoController.uexp" 754
"../../../Engine/Plugins/Runtime/OpenXR/Content/Devices/OculusTouch/MRTexture.uasset" 755
"../../../Engine/Plugins/Runtime/OpenXR/Content/Devices/OculusTouch/MRTexture.uexp" 756
"../../../Engine/Plugins/Runtime/OpenXR/Content/Devices/OculusTouch/MRTexture.ubulk" 757
"../../../Engine/Plugins/Runtime/OpenXR/Content/Devices/OculusTouch/BaseTexture.uasset" 758
"../../../Engine/Plugins/Runtime/OpenXR/Content/Devices/OculusTouch/BaseTexture.uexp" 759
"../../../Engine/Plugins/Runtime/OpenXR/Content/Devices/OculusTouch/BaseTexture.ubulk" 760
"../../../Engine/Plugins/Runtime/OpenXR/Content/Devices/OculusTouch/MI_OculusTouch.uasset" 761
"../../../Engine/Plugins/Runtime/OpenXR/Content/Devices/OculusTouch/MI_OculusTouch.uexp" 762
"../../../Engine/Plugins/Runtime/OpenXR/Content/Devices/OculusTouch/Left/left_OculusTouchController.uasset" 763
"../../../Engine/Plugins/Runtime/OpenXR/Content/Devices/OculusTouch/Left/left_OculusTouchController.uexp" 764
"../../../Engine/Plugins/Runtime/OpenXR/Content/Devices/OculusTouch/Right/right_OculusTouchController.uasset" 765
"../../../Engine/Plugins/Runtime/OpenXR/Content/Devices/OculusTouch/Right/right_OculusTouchController.uexp" 766
"../../../Engine/Plugins/Runtime/OpenXR/Content/Devices/OculusTouch_v2/MRTexture.uasset" 767
"../../../Engine/Plugins/Runtime/OpenXR/Content/Devices/OculusTouch_v2/MRTexture.uexp" 768
"../../../Engine/Plugins/Runtime/OpenXR/Content/Devices/OculusTouch_v2/MRTexture.ubulk" 769
"../../../Engine/Plugins/Runtime/OpenXR/Content/Devices/OculusTouch_v2/BaseTexture.uasset" 770
"../../../Engine/Plugins/Runtime/OpenXR/Content/Devices/OculusTouch_v2/BaseTexture.uexp" 771
"../../../Engine/Plugins/Runtime/OpenXR/Content/Devices/OculusTouch_v2/BaseTexture.ubulk" 772
"../../../Engine/Plugins/Runtime/OpenXR/Content/Devices/OculusTouch_v2/MI_OculusTouch_v2.uasset" 773
"../../../Engine/Plugins/Runtime/OpenXR/Content/Devices/OculusTouch_v2/MI_OculusTouch_v2.uexp" 774
"../../../Engine/Plugins/Runtime/OpenXR/Content/Devices/OculusTouch_v2/Left/left_OculusTouch_v2Controller.uasset" 775
"../../../Engine/Plugins/Runtime/OpenXR/Content/Devices/OculusTouch_v2/Left/left_OculusTouch_v2Controller.uexp" 776
"../../../Engine/Plugins/Runtime/OpenXR/Content/Devices/OculusTouch_v2/Right/right_OculusTouch_v2Controller.uasset" 777
"../../../Engine/Plugins/Runtime/OpenXR/Content/Devices/OculusTouch_v2/Right/right_OculusTouch_v2Controller.uexp" 778
"../../../Engine/Plugins/Runtime/OpenXR/Content/Devices/OculusTouch_v3/MRTexture.uasset" 779
"../../../Engine/Plugins/Runtime/OpenXR/Content/Devices/OculusTouch_v3/MRTexture.uexp" 780
"../../../Engine/Plugins/Runtime/OpenXR/Content/Devices/OculusTouch_v3/MRTexture.ubulk" 781
"../../../Engine/Plugins/Runtime/OpenXR/Content/Devices/OculusTouch_v3/BaseTexture.uasset" 782
"../../../Engine/Plugins/Runtime/OpenXR/Content/Devices/OculusTouch_v3/BaseTexture.uexp" 783
"../../../Engine/Plugins/Runtime/OpenXR/Content/Devices/OculusTouch_v3/BaseTexture.ubulk" 784
"../../../Engine/Plugins/Runtime/OpenXR/Content/Devices/OculusTouch_v3/MI_OculusTouch_v3.uasset" 785
"../../../Engine/Plugins/Runtime/OpenXR/Content/Devices/OculusTouch_v3/MI_OculusTouch_v3.uexp" 786
"../../../Engine/Plugins/Runtime/OpenXR/Content/Devices/OculusTouch_v3/Left/left_OculusTouch_v3Controller.uasset" 787
"../../../Engine/Plugins/Runtime/OpenXR/Content/Devices/OculusTouch_v3/Left/left_OculusTouch_v3Controller.uexp" 788
"../../../Engine/Plugins/Runtime/OpenXR/Content/Devices/OculusTouch_v3/Right/right_OculusTouch_v3Controller.uasset" 789
"../../../Engine/Plugins/Runtime/OpenXR/Content/Devices/OculusTouch_v3/Right/right_OculusTouch_v3Controller.uexp" 790
"../../../Engine/Plugins/Runtime/OpenXR/Content/Devices/ValveIndex/MRTexture.uasset" 791
"../../../Engine/Plugins/Runtime/OpenXR/Content/Devices/ValveIndex/MRTexture.uexp" 792
"../../../Engine/Plugins/Runtime/OpenXR/Content/Devices/ValveIndex/MRTexture.ubulk" 793
"../../../Engine/Plugins/Runtime/OpenXR/Content/Devices/ValveIndex/BaseTexture.uasset" 794
"../../../Engine/Plugins/Runtime/OpenXR/Content/Devices/ValveIndex/BaseTexture.uexp" 795
"../../../Engine/Plugins/Runtime/OpenXR/Content/Devices/ValveIndex/BaseTexture.ubulk" 796
"../../../Engine/Plugins/Runtime/OpenXR/Content/Devices/ValveIndex/Left/MI_left_ValveIndex.uasset" 797
"../../../Engine/Plugins/Runtime/OpenXR/Content/Devices/ValveIndex/Left/MI_left_ValveIndex.uexp" 798
"../../../Engine/Plugins/Runtime/OpenXR/Content/Devices/ValveIndex/Left/left_ValveIndexController.uasset" 799
"../../../Engine/Plugins/Runtime/OpenXR/Content/Devices/ValveIndex/Left/left_ValveIndexController.uexp" 800
"../../../Engine/Plugins/Runtime/OpenXR/Content/Devices/ValveIndex/Right/MI_right_ValveIndex.uasset" 801
"../../../Engine/Plugins/Runtime/OpenXR/Content/Devices/ValveIndex/Right/MI_right_ValveIndex.uexp" 802
"../../../Engine/Plugins/Runtime/OpenXR/Content/Devices/ValveIndex/Right/right_ValveIndexController.uasset" 803
"../../../Engine/Plugins/Runtime/OpenXR/Content/Devices/ValveIndex/Right/right_ValveIndexController.uexp" 804
"../../../Engine/Content/Functions/Engine_MaterialFunctions02/Utility/BreakOutFloat4Components.uasset" 805
"../../../Engine/Content/Functions/Engine_MaterialFunctions02/Utility/BreakOutFloat4Components.uexp" 806
"../../../Engine/Content/Functions/Engine_MaterialFunctions02/Utility/MakeFloat3.uasset" 807
"../../../Engine/Content/Functions/Engine_MaterialFunctions02/Utility/MakeFloat3.uexp" 808
"../../../Engine/Plugins/Runtime/Oculus/OculusVR/Content/Materials/OculusMR_ChromaKey.uasset" 809
"../../../Engine/Plugins/Runtime/Oculus/OculusVR/Content/Materials/OculusMR_ChromaKey.uexp" 810
"../../../Engine/Plugins/Runtime/Oculus/OculusVR/Content/Materials/OculusMR_OpaqueColoredMaterial.uasset" 811
"../../../Engine/Plugins/Runtime/Oculus/OculusVR/Content/Materials/OculusMR_OpaqueColoredMaterial.uexp" 812
"../../../Engine/Plugins/Runtime/Oculus/OculusVR/Content/Materials/PokeAHoleMaterial.uasset" 813
"../../../Engine/Plugins/Runtime/Oculus/OculusVR/Content/Materials/PokeAHoleMaterial.uexp" 814
"../../../Engine/Plugins/Runtime/Oculus/OculusVR/Content/Textures/touchController_controlmap.uasset" 815
"../../../Engine/Plugins/Runtime/Oculus/OculusVR/Content/Textures/touchController_controlmap.uexp" 816
"../../../Engine/Plugins/Runtime/Oculus/OculusVR/Content/Textures/touchController_controlmap.ubulk" 817
"../../../Engine/Plugins/Runtime/Oculus/OculusVR/Content/Textures/touchController_albedo.uasset" 818
"../../../Engine/Plugins/Runtime/Oculus/OculusVR/Content/Textures/touchController_albedo.uexp" 819
"../../../Engine/Plugins/Runtime/Oculus/OculusVR/Content/Textures/touchController_albedo.ubulk" 820
"../../../Engine/Plugins/Runtime/Oculus/OculusVR/Content/Materials/touchController_mat.uasset" 821
"../../../Engine/Plugins/Runtime/Oculus/OculusVR/Content/Materials/touchController_mat.uexp" 822
"../../../Engine/Plugins/Runtime/Oculus/OculusVR/Content/Meshes/LeftTouchController.uasset" 823
"../../../Engine/Plugins/Runtime/Oculus/OculusVR/Content/Meshes/LeftTouchController.uexp" 824
"../../../Engine/Plugins/Runtime/Oculus/OculusVR/Content/Textures/TouchForQuestRiftSController_albedo.uasset" 825
"../../../Engine/Plugins/Runtime/Oculus/OculusVR/Content/Textures/TouchForQuestRiftSController_albedo.uexp" 826
"../../../Engine/Plugins/Runtime/Oculus/OculusVR/Content/Textures/TouchForQuestRiftSController_albedo.ubulk" 827
"../../../Engine/Plugins/Runtime/Oculus/OculusVR/Content/Materials/TouchForQuestRiftSControllerMaterial.uasset" 828
"../../../Engine/Plugins/Runtime/Oculus/OculusVR/Content/Materials/TouchForQuestRiftSControllerMaterial.uexp" 829
"../../../Engine/Plugins/Runtime/Oculus/OculusVR/Content/Meshes/LeftTouchForQuestRiftSController.uasset" 830
"../../../Engine/Plugins/Runtime/Oculus/OculusVR/Content/Meshes/LeftTouchForQuestRiftSController.uexp" 831
"../../../Engine/Plugins/Runtime/Oculus/OculusVR/Content/Meshes/RiftHMD.uasset" 832
"../../../Engine/Plugins/Runtime/Oculus/OculusVR/Content/Meshes/RiftHMD.uexp" 833
"../../../Engine/Plugins/Runtime/Oculus/OculusVR/Content/Meshes/RightTouchController.uasset" 834
"../../../Engine/Plugins/Runtime/Oculus/OculusVR/Content/Meshes/RightTouchController.uexp" 835
"../../../Engine/Plugins/Runtime/Oculus/OculusVR/Content/Meshes/RightTouchForQuestRiftSController.uasset" 836
"../../../Engine/Plugins/Runtime/Oculus/OculusVR/Content/Meshes/RightTouchForQuestRiftSController.uexp" 837
"C:/Users/Yosef/OneDrive/Documents/GitHub/EduClicker/Content/HUD/MarioFont-Regular.uasset" 838
"C:/Users/Yosef/OneDrive/Documents/GitHub/EduClicker/Content/HUD/MarioFont-Regular.uexp" 839
"C:/Users/Yosef/OneDrive/Documents/GitHub/EduClicker/Content/HUD/MarioFont-Regular.ufont" 840
"C:/Users/Yosef/OneDrive/Documents/GitHub/EduClicker/Content/HUD/MarioFont-Regular_Font.uasset" 841
"C:/Users/Yosef/OneDrive/Documents/GitHub/EduClicker/Content/HUD/MarioFont-Regular_Font.uexp" 842
"C:/Users/Yosef/OneDrive/Documents/GitHub/EduClicker/Content/Items/Sprites/Luigi_Woah.uasset" 843
"C:/Users/Yosef/OneDrive/Documents/GitHub/EduClicker/Content/Items/Sprites/Luigi_Woah.uexp" 844
"C:/Users/Yosef/OneDrive/Documents/GitHub/EduClicker/Content/Items/Sprites/Mario_Idle.uasset" 845
"C:/Users/Yosef/OneDrive/Documents/GitHub/EduClicker/Content/Items/Sprites/Mario_Idle.uexp" 846
"C:/Users/Yosef/OneDrive/Documents/GitHub/EduClicker/Content/HUD/HUD_Menu.uasset" 847
"C:/Users/Yosef/OneDrive/Documents/GitHub/EduClicker/Content/HUD/HUD_Menu.uexp" 848
"C:/Users/Yosef/OneDrive/Documents/GitHub/EduClicker/Content/Maps/Menu.uexp" 849
"C:/Users/Yosef/OneDrive/Documents/GitHub/EduClicker/Content/Maps/Menu.umap" 850
"C:/Users/Yosef/OneDrive/Documents/GitHub/EduClicker/Content/SFX/Mario_Regret.uasset" 851
"C:/Users/Yosef/OneDrive/Documents/GitHub/EduClicker/Content/SFX/Mario_Regret.uexp" 852
"C:/Users/Yosef/OneDrive/Documents/GitHub/EduClicker/Content/Items/Sprites/Mario_Idle_Sprite.uasset" 853
"C:/Users/Yosef/OneDrive/Documents/GitHub/EduClicker/Content/Items/Sprites/Mario_Idle_Sprite.uexp" 854
"C:/Users/Yosef/OneDrive/Documents/GitHub/EduClicker/Content/Items/Sprites/Luigi_Idle.uasset" 855
"C:/Users/Yosef/OneDrive/Documents/GitHub/EduClicker/Content/Items/Sprites/Luigi_Idle.uexp" 856
"C:/Users/Yosef/OneDrive/Documents/GitHub/EduClicker/Content/Items/Sprites/Luigi_Idle_Sprite.uasset" 857
"C:/Users/Yosef/OneDrive/Documents/GitHub/EduClicker/Content/Items/Sprites/Luigi_Idle_Sprite.uexp" 858
"../../../Engine/Plugins/FX/Niagara/Content/Enums/Ribbons/ENiagara_UnsetDirectSetRandom.uasset" 859
"../../../Engine/Plugins/FX/Niagara/Content/Enums/Ribbons/ENiagara_UnsetDirectSetRandom.uexp" 860
"../../../Engine/Plugins/FX/Niagara/Content/Enums/ENiagaraSystemInactiveMode.uasset" 861
"../../../Engine/Plugins/FX/Niagara/Content/Enums/ENiagaraSystemInactiveMode.uexp" 862
"../../../Engine/Plugins/FX/Niagara/Content/Enums/ENiagaraSphereDistributionMode.uasset" 863
"../../../Engine/Plugins/FX/Niagara/Content/Enums/ENiagaraSphereDistributionMode.uexp" 864
"../../../Engine/Plugins/FX/Niagara/Content/Enums/ENiagaraScaleColorMode.uasset" 865
"../../../Engine/Plugins/FX/Niagara/Content/Enums/ENiagaraScaleColorMode.uexp" 866
"../../../Engine/Plugins/FX/Niagara/Content/Enums/ENiagaraRandomnessMode.uasset" 867
"../../../Engine/Plugins/FX/Niagara/Content/Enums/ENiagaraRandomnessMode.uexp" 868
"../../../Engine/Plugins/FX/Niagara/Content/Enums/ENiagaraRandomnessEvaluation.uasset" 869
"../../../Engine/Plugins/FX/Niagara/Content/Enums/ENiagaraRandomnessEvaluation.uexp" 870
"../../../Engine/Plugins/FX/Niagara/Content/Enums/ENiagaraMassByVolume.uasset" 871
"../../../Engine/Plugins/FX/Niagara/Content/Enums/ENiagaraMassByVolume.uexp" 872
"../../../Engine/Plugins/FX/Niagara/Content/Enums/ENiagaraInactiveMode.uasset" 873
"../../../Engine/Plugins/FX/Niagara/Content/Enums/ENiagaraInactiveMode.uexp" 874
"../../../Engine/Plugins/FX/Niagara/Content/Enums/ENiagaraExpansionMode.uasset" 875
"../../../Engine/Plugins/FX/Niagara/Content/Enums/ENiagaraExpansionMode.uexp" 876
"../../../Engine/Plugins/FX/Niagara/Content/Enums/ENiagaraEmitterScalabilityMode_Limited.uasset" 877
"../../../Engine/Plugins/FX/Niagara/Content/Enums/ENiagaraEmitterScalabilityMode_Limited.uexp" 878
"../../../Engine/Plugins/FX/Niagara/Content/Enums/ENiagaraEmitterLifeCycleMode.uasset" 879
"../../../Engine/Plugins/FX/Niagara/Content/Enums/ENiagaraEmitterLifeCycleMode.uexp" 880
"../../../Engine/Plugins/FX/Niagara/Content/Enums/ENiagaraChannelCorrelation.uasset" 881
"../../../Engine/Plugins/FX/Niagara/Content/Enums/ENiagaraChannelCorrelation.uexp" 882
"../../../Engine/Plugins/FX/Niagara/Content/Enums/ENiagara_UVFlippingMode.uasset" 883
"../../../Engine/Plugins/FX/Niagara/Content/Enums/ENiagara_UVFlippingMode.uexp" 884
"../../../Engine/Plugins/FX/Niagara/Content/Enums/ENiagara_SpriteRotationMode.uasset" 885
"../../../Engine/Plugins/FX/Niagara/Content/Enums/ENiagara_SpriteRotationMode.uexp" 886
"../../../Engine/Plugins/FX/Niagara/Content/Enums/ENiagara_SizeScaleMode.uasset" 887
"../../../Engine/Plugins/FX/Niagara/Content/Enums/ENiagara_SizeScaleMode.uexp" 888
"../../../Engine/Plugins/FX/Niagara/Content/Enums/ENiagara_MassInitializationMode.uasset" 889
"../../../Engine/Plugins/FX/Niagara/Content/Enums/ENiagara_MassInitializationMode.uexp" 890
"../../../Engine/Plugins/FX/Niagara/Content/Enums/ENiagara_LifetimeMode.uasset" 891
"../../../Engine/Plugins/FX/Niagara/Content/Enums/ENiagara_LifetimeMode.uexp" 892
"../../../Engine/Plugins/FX/Niagara/Content/Enums/ENiagara_InfiniteLoopDuration.uasset" 893
"../../../Engine/Plugins/FX/Niagara/Content/Enums/ENiagara_InfiniteLoopDuration.uexp" 894
"../../../Engine/Plugins/FX/Niagara/Content/Enums/ENiagara_EmitterStateOptions.uasset" 895
"../../../Engine/Plugins/FX/Niagara/Content/Enums/ENiagara_EmitterStateOptions.uexp" 896
"../../../Engine/Plugins/FX/Niagara/Content/Enums/ENiagara_ColorInitializationMode.uasset" 897
"../../../Engine/Plugins/FX/Niagara/Content/Enums/ENiagara_ColorInitializationMode.uexp" 898
"../../../Engine/Plugins/FX/Niagara/Content/Enums/SpriteRenderer/ENiagara_ScaleSpriteSize.uasset" 899
"../../../Engine/Plugins/FX/Niagara/Content/Enums/SpriteRenderer/ENiagara_ScaleSpriteSize.uexp" 900
"../../../Engine/Plugins/FX/Niagara/Content/Modules/Update/Size/ScaleSpriteSize.uasset" 901
"../../../Engine/Plugins/FX/Niagara/Content/Modules/Update/Size/ScaleSpriteSize.uexp" 902
"../../../Engine/Plugins/FX/Niagara/Content/Modules/Update/Mass/CalculateSizeAndRotationalInertiaByMass.uasset" 903
"../../../Engine/Plugins/FX/Niagara/Content/Modules/Update/Mass/CalculateSizeAndRotationalInertiaByMass.uexp" 904
"../../../Engine/Plugins/FX/Niagara/Content/Modules/Update/Lifetime/ParticleState.uasset" 905
"../../../Engine/Plugins/FX/Niagara/Content/Modules/Update/Lifetime/ParticleState.uexp" 906
"../../../Engine/Plugins/FX/Niagara/Content/Modules/Update/Color/ScaleColor.uasset" 907
"../../../Engine/Plugins/FX/Niagara/Content/Modules/Update/Color/ScaleColor.uexp" 908
"../../../Engine/Plugins/FX/Niagara/Content/Functions/System/SystemChangeState.uasset" 909
"../../../Engine/Plugins/FX/Niagara/Content/Functions/System/SystemChangeState.uexp" 910
"../../../Engine/Plugins/FX/Niagara/Content/Modules/System/SystemState.uasset" 911
"../../../Engine/Plugins/FX/Niagara/Content/Modules/System/SystemState.uexp" 912
"../../../Engine/Plugins/FX/Niagara/Content/Functions/GetRandomInfo.uasset" 913
"../../../Engine/Plugins/FX/Niagara/Content/Functions/GetRandomInfo.uexp" 914
"../../../Engine/Plugins/FX/Niagara/Content/Functions/RandomRangeFloat.uasset" 915
"../../../Engine/Plugins/FX/Niagara/Content/Functions/RandomRangeFloat.uexp" 916
"../../../Engine/Plugins/FX/Niagara/Content/Functions/RandomUnitVector.uasset" 917
"../../../Engine/Plugins/FX/Niagara/Content/Functions/RandomUnitVector.uexp" 918
"../../../Engine/Plugins/FX/Niagara/Content/Functions/RandomVector.uasset" 919
"../../../Engine/Plugins/FX/Niagara/Content/Functions/RandomVector.uexp" 920
"../../../Engine/Plugins/FX/Niagara/Content/Functions/DirectionAndLengthSafe.uasset" 921
"../../../Engine/Plugins/FX/Niagara/Content/Functions/DirectionAndLengthSafe.uexp" 922
"../../../Engine/Plugins/FX/Niagara/Content/Functions/NormalizeDistanceRange.uasset" 923
"../../../Engine/Plugins/FX/Niagara/Content/Functions/NormalizeDistanceRange.uexp" 924
"../../../Engine/Plugins/FX/Niagara/Content/Functions/DistanceBasedFalloff.uasset" 925
"../../../Engine/Plugins/FX/Niagara/Content/Functions/DistanceBasedFalloff.uexp" 926
"../../../Engine/Plugins/FX/Niagara/Content/Functions/Localspace/TransformBase.uasset" 927
"../../../Engine/Plugins/FX/Niagara/Content/Functions/Localspace/TransformBase.uexp" 928
"../../../Engine/Plugins/FX/Niagara/Content/Functions/Localspace/TransformVector.uasset" 929
"../../../Engine/Plugins/FX/Niagara/Content/Functions/Localspace/TransformVector.uexp" 930
"../../../Engine/Plugins/FX/Niagara/Content/Functions/Localspace/SimulationPosition.uasset" 931
"../../../Engine/Plugins/FX/Niagara/Content/Functions/Localspace/SimulationPosition.uexp" 932
"../../../Engine/Plugins/FX/Niagara/Content/Modules/Spawn/Velocity/AddVelocityFromPoint.uasset" 933
"../../../Engine/Plugins/FX/Niagara/Content/Modules/Spawn/Velocity/AddVelocityFromPoint.uexp" 934
"../../../Engine/Plugins/FX/Niagara/Content/Functions/V2/CalculateRandomRange.uasset" 935
"../../../Engine/Plugins/FX/Niagara/Content/Functions/V2/CalculateRandomRange.uexp" 936
"../../../Engine/Plugins/FX/Niagara/Content/Functions/V2/CalculateRandomPointInSphere.uasset" 937
"../../../Engine/Plugins/FX/Niagara/Content/Functions/V2/CalculateRandomPointInSphere.uexp" 938
"../../../Engine/Plugins/FX/Niagara/Content/Functions/SphericalToCartesianCoordinates.uasset" 939
"../../../Engine/Plugins/FX/Niagara/Content/Functions/SphericalToCartesianCoordinates.uexp" 940
"../../../Engine/Plugins/FX/Niagara/Content/Functions/Rotation/MultiplyVectorWithQuaternion.uasset" 941
"../../../Engine/Plugins/FX/Niagara/Content/Functions/Rotation/MultiplyVectorWithQuaternion.uexp" 942
"../../../Engine/Plugins/FX/Niagara/Content/Functions/Rotation/FindQuatBetween.uasset" 943
"../../../Engine/Plugins/FX/Niagara/Content/Functions/Rotation/FindQuatBetween.uexp" 944
"../../../Engine/Plugins/FX/Niagara/Content/Modules/Spawn/Location/V2/SphereLocation.uasset" 945
"../../../Engine/Plugins/FX/Niagara/Content/Modules/Spawn/Location/V2/SphereLocation.uexp" 946
"../../../Engine/Plugins/FX/Niagara/Content/Enums/ENiagara_PositionInitializationMode.uasset" 947
"../../../Engine/Plugins/FX/Niagara/Content/Enums/ENiagara_PositionInitializationMode.uexp" 948
"../../../Engine/Plugins/FX/Niagara/Content/Functions/V2/CalculateRandomRangeInteger.uasset" 949
"../../../Engine/Plugins/FX/Niagara/Content/Functions/V2/CalculateRandomRangeInteger.uexp" 950
"../../../Engine/Plugins/FX/Niagara/Content/Functions/V2/CalculateRandomBool.uasset" 951
"../../../Engine/Plugins/FX/Niagara/Content/Functions/V2/CalculateRandomBool.uexp" 952
"../../../Engine/Plugins/FX/Niagara/Content/Functions/LinearColor/HueShiftLinearColor.uasset" 953
"../../../Engine/Plugins/FX/Niagara/Content/Functions/LinearColor/HueShiftLinearColor.uexp" 954
"../../../Engine/Plugins/FX/Niagara/Content/Functions/V2/CalculateRandomRangeFloat.uasset" 955
"../../../Engine/Plugins/FX/Niagara/Content/Functions/V2/CalculateRandomRangeFloat.uexp" 956
"../../../Engine/Plugins/FX/Niagara/Content/Modules/Spawn/Initialization/V2/InitializeParticle.uasset" 957
"../../../Engine/Plugins/FX/Niagara/Content/Modules/Spawn/Initialization/V2/InitializeParticle.uexp" 958
"../../../Engine/Plugins/FX/Niagara/Content/Modules/Solvers/SolveForcesAndVelocity.uasset" 959
"../../../Engine/Plugins/FX/Niagara/Content/Modules/Solvers/SolveForcesAndVelocity.uexp" 960
"../../../Engine/Plugins/FX/Niagara/Content/Modules/Emitter/SpawnBurst_Instantaneous.uasset" 961
"../../../Engine/Plugins/FX/Niagara/Content/Modules/Emitter/SpawnBurst_Instantaneous.uexp" 962
"../../../Engine/Plugins/FX/Niagara/Content/Functions/Emitter/EmitterChangeState.uasset" 963
"../../../Engine/Plugins/FX/Niagara/Content/Functions/Emitter/EmitterChangeState.uexp" 964
"../../../Engine/Plugins/FX/Niagara/Content/Enums/ENiagaraExecutionStateManagement.uasset" 965
"../../../Engine/Plugins/FX/Niagara/Content/Enums/ENiagaraExecutionStateManagement.uexp" 966
"../../../Engine/Plugins/FX/Niagara/Content/Modules/Emitter/EmitterState.uasset" 967
"../../../Engine/Plugins/FX/Niagara/Content/Modules/Emitter/EmitterState.uexp" 968
"../../../Engine/Plugins/FX/Niagara/Content/DynamicInputs/ValueFromCurve/FloatFromCurve.uasset" 969
"../../../Engine/Plugins/FX/Niagara/Content/DynamicInputs/ValueFromCurve/FloatFromCurve.uexp" 970
"../../../Engine/Plugins/FX/Niagara/Content/DynamicInputs/UniformRange/V2/RandomRangeFloat.uasset" 971
"../../../Engine/Plugins/FX/Niagara/Content/DynamicInputs/UniformRange/V2/RandomRangeFloat.uexp" 972
"../../../Engine/Plugins/FX/Niagara/Content/DynamicInputs/TypeConversions/Vector2DFromFloat.uasset" 973
"../../../Engine/Plugins/FX/Niagara/Content/DynamicInputs/TypeConversions/Vector2DFromFloat.uexp" 974
"../../../Engine/Plugins/FX/Niagara/Content/DynamicInputs/Helpers/SimulationPosition.uasset" 975
"../../../Engine/Plugins/FX/Niagara/Content/DynamicInputs/Helpers/SimulationPosition.uexp" 976
"C:/Users/Yosef/OneDrive/Documents/GitHub/EduClicker/Content/VFX/Angry_Emogi.uasset" 977
"C:/Users/Yosef/OneDrive/Documents/GitHub/EduClicker/Content/VFX/Angry_Emogi.uexp" 978
"C:/Users/Yosef/OneDrive/Documents/GitHub/EduClicker/Content/VFX/Angry_Emogi.ubulk" 979
"C:/Users/Yosef/OneDrive/Documents/GitHub/EduClicker/Content/VFX/VFX_Angry.uasset" 980
"C:/Users/Yosef/OneDrive/Documents/GitHub/EduClicker/Content/VFX/VFX_Angry.uexp" 981
"C:/Users/Yosef/OneDrive/Documents/GitHub/EduClicker/Content/VFX/VFX_Mario.uasset" 982
"C:/Users/Yosef/OneDrive/Documents/GitHub/EduClicker/Content/VFX/VFX_Mario.uexp" 983
"C:/Users/Yosef/OneDrive/Documents/GitHub/EduClicker/Content/Items/WrongPerson_BP.uasset" 984
"C:/Users/Yosef/OneDrive/Documents/GitHub/EduClicker/Content/Items/WrongPerson_BP.uexp" 985
"C:/Users/Yosef/OneDrive/Documents/GitHub/EduClicker/Content/Items/Sprites/Luigi_Woah_Sprite.uasset" 986
"C:/Users/Yosef/OneDrive/Documents/GitHub/EduClicker/Content/Items/Sprites/Luigi_Woah_Sprite.uexp" 987
"C:/Users/Yosef/OneDrive/Documents/GitHub/EduClicker/Content/VFX/Star.uasset" 988
"C:/Users/Yosef/OneDrive/Documents/GitHub/EduClicker/Content/VFX/Star.uexp" 989
"C:/Users/Yosef/OneDrive/Documents/GitHub/EduClicker/Content/VFX/VFX_Star.uasset" 990
"C:/Users/Yosef/OneDrive/Documents/GitHub/EduClicker/Content/VFX/VFX_Star.uexp" 991
"C:/Users/Yosef/OneDrive/Documents/GitHub/EduClicker/Content/VFX/VFX_Luigi.uasset" 992
"C:/Users/Yosef/OneDrive/Documents/GitHub/EduClicker/Content/VFX/VFX_Luigi.uexp" 993
"C:/Users/Yosef/OneDrive/Documents/GitHub/EduClicker/Content/Items/CaughtYou_BP.uasset" 994
"C:/Users/Yosef/OneDrive/Documents/GitHub/EduClicker/Content/Items/CaughtYou_BP.uexp" 995
"../../../Engine/Content/EditorBlueprintResources/StandardMacros.uasset" 996
"../../../Engine/Content/EditorBlueprintResources/StandardMacros.uexp" 997
"C:/Users/Yosef/OneDrive/Documents/GitHub/EduClicker/Content/Background/mario_nivel.uasset" 998
"C:/Users/Yosef/OneDrive/Documents/GitHub/EduClicker/Content/Background/mario_nivel.uexp" 999
"C:/Users/Yosef/OneDrive/Documents/GitHub/EduClicker/Content/Background/mario_nivel_Sprite.uasset" 1000
"C:/Users/Yosef/OneDrive/Documents/GitHub/EduClicker/Content/Background/mario_nivel_Sprite.uexp" 1001
"C:/Users/Yosef/OneDrive/Documents/GitHub/EduClicker/Content/SFX/Luigi_Loser_4.uasset" 1002
"C:/Users/Yosef/OneDrive/Documents/GitHub/EduClicker/Content/SFX/Luigi_Loser_4.uexp" 1003
"C:/Users/Yosef/OneDrive/Documents/GitHub/EduClicker/Content/SFX/Luigi_Loser_3.uasset" 1004
"C:/Users/Yosef/OneDrive/Documents/GitHub/EduClicker/Content/SFX/Luigi_Loser_3.uexp" 1005
"C:/Users/Yosef/OneDrive/Documents/GitHub/EduClicker/Content/SFX/Luigi_Loser_2.uasset" 1006
"C:/Users/Yosef/OneDrive/Documents/GitHub/EduClicker/Content/SFX/Luigi_Loser_2.uexp" 1007
"C:/Users/Yosef/OneDrive/Documents/GitHub/EduClicker/Content/SFX/Luigi_Loser_1.uasset" 1008
"C:/Users/Yosef/OneDrive/Documents/GitHub/EduClicker/Content/SFX/Luigi_Loser_1.uexp" 1009
"C:/Users/Yosef/OneDrive/Documents/GitHub/EduClicker/Content/SFX/Luigi_Lament.uasset" 1010
"C:/Users/Yosef/OneDrive/Documents/GitHub/EduClicker/Content/SFX/Luigi_Lament.uexp" 1011
"C:/Users/Yosef/OneDrive/Documents/GitHub/EduClicker/Content/Background/Nivel_Mario_2.uasset" 1012
"C:/Users/Yosef/OneDrive/Documents/GitHub/EduClicker/Content/Background/Nivel_Mario_2.uexp" 1013
"C:/Users/Yosef/OneDrive/Documents/GitHub/EduClicker/Content/Background/Nivel_Mario_2_Sprite.uasset" 1014
"C:/Users/Yosef/OneDrive/Documents/GitHub/EduClicker/Content/Background/Nivel_Mario_2_Sprite.uexp" 1015
"C:/Users/Yosef/OneDrive/Documents/GitHub/EduClicker/Content/HUD/HUD_Score.uasset" 1016
"C:/Users/Yosef/OneDrive/Documents/GitHub/EduClicker/Content/HUD/HUD_Score.uexp" 1017
"C:/Users/Yosef/OneDrive/Documents/GitHub/EduClicker/Content/Background/Background_BP.uasset" 1018
"C:/Users/Yosef/OneDrive/Documents/GitHub/EduClicker/Content/Background/Background_BP.uexp" 1019
"C:/Users/Yosef/OneDrive/Documents/GitHub/EduClicker/Content/Items/Item_BP.uasset" 1020
"C:/Users/Yosef/OneDrive/Documents/GitHub/EduClicker/Content/Items/Item_BP.uexp" 1021
"C:/Users/Yosef/OneDrive/Documents/GitHub/EduClicker/Content/Maps/Clicker.uexp" 1022
"C:/Users/Yosef/OneDrive/Documents/GitHub/EduClicker/Content/Maps/Clicker.umap" 1023
"../../../Engine/Content/Maps/Entry_BuiltData.uasset" 1024
"../../../Engine/Content/Maps/Entry_BuiltData.uexp" 1025
"../../../Engine/Content/Maps/Entry.uexp" 1026
"../../../Engine/Content/Maps/Entry.umap" 1027
